Using pre-set license
Built from '2021.2/staging' branch; Version is '2021.2.4f1 (99ba6aa4c552) revision 10074730'; Using compiler version '192829333'; Build Type 'Release'
OS: 'Windows 10 Home; OS build 22621.1105; Version 2009; 64bit' Language: 'es' Physical Memory: 32605 MB
BatchMode: 1, IsHumanControllingUs: 0, StartBugReporterOnCrash: 0, Is64bit: 1, IsPro: 0

COMMAND LINE ARGUMENTS:
C:\Program Files\Unity\Hub\Editor\2021.2.4f1\Editor\Unity.exe
-adb2
-batchMode
-noUpm
-name
AssetImportWorker0
-projectPath
D:/Usuarios/Nestor/Documentos/Escuela/Modular/Unity/Psicologica_WAIS
-logFile
Logs/AssetImportWorker0.log
-srvPort
55815
Successfully changed project path to: D:/Usuarios/Nestor/Documentos/Escuela/Modular/Unity/Psicologica_WAIS
D:/Usuarios/Nestor/Documentos/Escuela/Modular/Unity/Psicologica_WAIS
[UnityMemory] Configuration Parameters - Can be set up in boot.config
    "memorysetup-bucket-allocator-granularity=16"
    "memorysetup-bucket-allocator-bucket-count=8"
    "memorysetup-bucket-allocator-block-size=33554432"
    "memorysetup-bucket-allocator-block-count=8"
    "memorysetup-main-allocator-block-size=16777216"
    "memorysetup-thread-allocator-block-size=16777216"
    "memorysetup-gfx-main-allocator-block-size=16777216"
    "memorysetup-gfx-thread-allocator-block-size=16777216"
    "memorysetup-cache-allocator-block-size=4194304"
    "memorysetup-typetree-allocator-block-size=2097152"
    "memorysetup-profiler-bucket-allocator-granularity=16"
    "memorysetup-profiler-bucket-allocator-bucket-count=8"
    "memorysetup-profiler-bucket-allocator-block-size=33554432"
    "memorysetup-profiler-bucket-allocator-block-count=8"
    "memorysetup-profiler-allocator-block-size=16777216"
    "memorysetup-profiler-editor-allocator-block-size=1048576"
    "memorysetup-temp-allocator-size-main=16777216"
    "memorysetup-job-temp-allocator-block-size=2097152"
    "memorysetup-job-temp-allocator-block-size-background=1048576"
    "memorysetup-job-temp-allocator-reduction-small-platforms=262144"
    "memorysetup-temp-allocator-size-background-worker=32768"
    "memorysetup-temp-allocator-size-job-worker=262144"
    "memorysetup-temp-allocator-size-preload-manager=33554432"
    "memorysetup-temp-allocator-size-nav-mesh-worker=65536"
    "memorysetup-temp-allocator-size-audio-worker=65536"
    "memorysetup-temp-allocator-size-cloud-worker=32768"
    "memorysetup-temp-allocator-size-gi-baking-worker=262144"
    "memorysetup-temp-allocator-size-gfx=262144"
Refreshing native plugins compatible for Editor in 140.89 ms, found 4 plugins.
Preloading 0 native plugins for Editor in 0.00 ms.
Initialize engine version: 2021.2.4f1 (99ba6aa4c552)
[Subsystems] Discovering subsystems at path C:/Program Files/Unity/Hub/Editor/2021.2.4f1/Editor/Data/Resources/UnitySubsystems
[Subsystems] Discovering subsystems at path D:/Usuarios/Nestor/Documentos/Escuela/Modular/Unity/Psicologica_WAIS/Assets
GfxDevice: creating device client; threaded=0; jobified=0
Direct3D:
    Version:  Direct3D 11.0 [level 11.1]
    Renderer: NVIDIA GeForce RTX 3060 Ti (ID=0x2489)
    Vendor:   NVIDIA
    VRAM:     8038 MB
    Driver:   31.0.15.2802
Initialize mono
Mono path[0] = 'C:/Program Files/Unity/Hub/Editor/2021.2.4f1/Editor/Data/Managed'
Mono path[1] = 'C:/Program Files/Unity/Hub/Editor/2021.2.4f1/Editor/Data/MonoBleedingEdge/lib/mono/unityjit-win32'
Mono config path = 'C:/Program Files/Unity/Hub/Editor/2021.2.4f1/Editor/Data/MonoBleedingEdge/etc'
Using monoOptions --debugger-agent=transport=dt_socket,embedding=1,server=y,suspend=n,address=127.0.0.1:56944
Begin MonoManager ReloadAssembly
Registering precompiled unity dll's ...
Register platform support module: C:/Program Files/Unity/Hub/Editor/2021.2.4f1/Editor/Data/PlaybackEngines/WindowsStandaloneSupport/UnityEditor.WindowsStandalone.Extensions.dll
Registered in 0.007681 seconds.
Native extension for WindowsStandalone target not found
Refreshing native plugins compatible for Editor in 121.56 ms, found 4 plugins.
Preloading 0 native plugins for Editor in 0.00 ms.
Mono: successfully reloaded assembly
- Completed reload, in  0.911 seconds
Domain Reload Profiling:
	ReloadAssembly (911ms)
		BeginReloadAssembly (109ms)
			ExecutionOrderSort (0ms)
			DisableScriptedObjects (0ms)
			BackupInstance (0ms)
			ReleaseScriptingObjects (0ms)
			CreateAndSetChildDomain (1ms)
		EndReloadAssembly (692ms)
			LoadAssemblies (106ms)
			RebuildTransferFunctionScriptingTraits (0ms)
			SetupTypeCache (142ms)
			ReleaseScriptCaches (0ms)
			RebuildScriptCaches (34ms)
			SetupLoadedEditorAssemblies (449ms)
				LogAssemblyErrors (0ms)
				InitializePlatformSupportModulesInManaged (73ms)
				SetLoadedEditorAssemblies (0ms)
				RefreshPlugins (122ms)
				BeforeProcessingInitializeOnLoad (1ms)
				ProcessInitializeOnLoadAttributes (192ms)
				ProcessInitializeOnLoadMethodAttributes (60ms)
				AfterProcessingInitializeOnLoad (0ms)
				EditorAssembliesLoaded (0ms)
			ExecutionOrderSort2 (0ms)
			AwakeInstancesAfterBackupRestoration (0ms)
Platform modules already initialized, skipping
Registering precompiled user dll's ...
Registered in 0.006646 seconds.
Begin MonoManager ReloadAssembly
Symbol file LoadedFromMemory doesn't match image D:\Usuarios\Nestor\Documentos\Escuela\Modular\Unity\Psicologica_WAIS\Library\PackageCache\com.unity.visualscripting@1.7.5\Editor\VisualScripting.Core\Dependencies\YamlDotNet\Unity.VisualScripting.YamlDotNet.dll
Symbol file LoadedFromMemory doesn't match image D:\Usuarios\Nestor\Documentos\Escuela\Modular\Unity\Psicologica_WAIS\Library\PackageCache\com.unity.visualscripting@1.7.5\Editor\VisualScripting.Core\Dependencies\DotNetZip\Unity.VisualScripting.IonicZip.dll
Native extension for WindowsStandalone target not found
Refreshing native plugins compatible for Editor in 154.24 ms, found 4 plugins.
Preloading 0 native plugins for Editor in 0.00 ms.
Mono: successfully reloaded assembly
- Completed reload, in  2.534 seconds
Domain Reload Profiling:
	ReloadAssembly (2535ms)
		BeginReloadAssembly (246ms)
			ExecutionOrderSort (0ms)
			DisableScriptedObjects (8ms)
			BackupInstance (0ms)
			ReleaseScriptingObjects (0ms)
			CreateAndSetChildDomain (25ms)
		EndReloadAssembly (2160ms)
			LoadAssemblies (101ms)
			RebuildTransferFunctionScriptingTraits (0ms)
			SetupTypeCache (306ms)
			ReleaseScriptCaches (1ms)
			RebuildScriptCaches (81ms)
			SetupLoadedEditorAssemblies (1536ms)
				LogAssemblyErrors (0ms)
				InitializePlatformSupportModulesInManaged (13ms)
				SetLoadedEditorAssemblies (0ms)
				RefreshPlugins (154ms)
				BeforeProcessingInitializeOnLoad (139ms)
				ProcessInitializeOnLoadAttributes (1168ms)
				ProcessInitializeOnLoadMethodAttributes (53ms)
				AfterProcessingInitializeOnLoad (8ms)
				EditorAssembliesLoaded (0ms)
			ExecutionOrderSort2 (0ms)
			AwakeInstancesAfterBackupRestoration (9ms)
Platform modules already initialized, skipping
========================================================================
Worker process is ready to serve import requests
Failed to load shader (instanceID 412, GUID dd89cf5b9246416f84610a006f916af7)
Failed to load shader (instanceID 414, GUID 14eb328de4b8eb245bb7cea29e4ac00b)
Failed to load shader (instanceID 416, GUID 68e6db2ebdc24f95958faec2be5558d6)
Failed to load shader (instanceID 418, GUID bc1ede39bf3643ee8e493720e4259791)
Failed to load shader (instanceID 408, GUID fe393ace9b354375a9cb14cdbbc28be4)
Failed to load shader (instanceID 410, GUID cf81c85f95fe47e1a27f6ae460cf182c)
Failed to load shader (instanceID 420, GUID 48bb5f55d8670e349b6e614913f9d910)
Failed to load shader (instanceID 422, GUID 85187c2149c549c5b33f0cdb02836b17)
Failed to load shader (instanceID 424, GUID 128e987d567d4e2c824d754223b3f3b0)
Failed to load shader (instanceID 432, GUID f7ada0af4f174f0694ca6a487b8f543d)
Failed to load shader (instanceID 428, GUID a02a7d8c237544f1962732b55a9aebf1)
Failed to load shader (instanceID 430, GUID c8d12adcee749c344b8117cf7c7eb912)
Failed to load shader (instanceID 426, GUID 1e3b057af24249748ff873be7fafee47)
Launched and connected shader compiler UnityShaderCompiler.exe after 0.06 seconds
Refreshing native plugins compatible for Editor in 0.94 ms, found 4 plugins.
Preloading 0 native plugins for Editor in 0.00 ms.
Unloading 3903 Unused Serialized files (Serialized files now loaded: 0)
Unloading 43 unused Assets / (223.9 KB). Loaded Objects now: 4353.
Memory consumption went from 149.6 MB to 149.3 MB.
Total: 4.717400 ms (FindLiveObjects: 0.327900 ms CreateObjectMapping: 0.185600 ms MarkObjects: 4.013700 ms  DeleteObjects: 0.188500 ms)

AssetImportParameters requested are different than current active one (requested -> active):
  custom:video-decoder-ogg-theora: a1e56fd34408186e4bbccfd4996cb3dc -> 
  custom:container-muxer-webm: aa71ff27fc2769a1b78a27578f13a17b -> 
  custom:container-demuxer-webm: 4f35f7cbe854078d1ac9338744f61a02 -> 
  custom:video-encoder-webm-vp8: eb34c28f22e8b96e1ab97ce403110664 -> 
  custom:video-codec-MediaFoundation-h265: 746d11721c4dcdbdad8f713fa42b33f4 -> 
  custom:audio-encoder-webm-vorbis: bf7c407c2cedff20999df2af8eb42d56 -> 
  custom:framework-win-MediaFoundation: 216162199b28c13a410421893ffa2e32 -> 
  custom:container-demuxer-ogg: 62fdf1f143b41e24485cea50d1cbac27 -> 
  custom:video-decoder-webm-vp8: 9c59270c3fd7afecdb556c50c9e8de78 -> 
  custom:audio-decoder-ogg-vorbis: bf7c407c2cedff20999df2af8eb42d56 -> 
========================================================================
Received Import Request.
  Time since last request: 403118.867318 seconds.
  path: Assets/Scenes/Game.unity
  artifactKey: Guid(2cda990e2423bbf4892e6590ba056729) Importer(815301076,1909f56bfc062723c751e8b465ee728b)
Start importing Assets/Scenes/Game.unity using Guid(2cda990e2423bbf4892e6590ba056729) Importer(815301076,1909f56bfc062723c751e8b465ee728b)  -> (artifact id: 'f9768c9aecf787e4eb2ed72ecc009886') in 0.019869 seconds 
========================================================================
Received Prepare
Registering precompiled user dll's ...
Registered in 0.006621 seconds.
Begin MonoManager ReloadAssembly
Symbol file LoadedFromMemory doesn't match image D:\Usuarios\Nestor\Documentos\Escuela\Modular\Unity\Psicologica_WAIS\Library\PackageCache\com.unity.visualscripting@1.7.5\Editor\VisualScripting.Core\Dependencies\YamlDotNet\Unity.VisualScripting.YamlDotNet.dll
Symbol file LoadedFromMemory doesn't match image D:\Usuarios\Nestor\Documentos\Escuela\Modular\Unity\Psicologica_WAIS\Library\PackageCache\com.unity.visualscripting@1.7.5\Editor\VisualScripting.Core\Dependencies\DotNetZip\Unity.VisualScripting.IonicZip.dll
Native extension for WindowsStandalone target not found
Refreshing native plugins compatible for Editor in 1.20 ms, found 4 plugins.
Preloading 0 native plugins for Editor in 0.00 ms.
Mono: successfully reloaded assembly
- Completed reload, in  1.647 seconds
Domain Reload Profiling:
	ReloadAssembly (1648ms)
		BeginReloadAssembly (182ms)
			ExecutionOrderSort (0ms)
			DisableScriptedObjects (9ms)
			BackupInstance (0ms)
			ReleaseScriptingObjects (0ms)
			CreateAndSetChildDomain (53ms)
		EndReloadAssembly (1293ms)
			LoadAssemblies (112ms)
			RebuildTransferFunctionScriptingTraits (0ms)
			SetupTypeCache (367ms)
			ReleaseScriptCaches (3ms)
			RebuildScriptCaches (61ms)
			SetupLoadedEditorAssemblies (607ms)
				LogAssemblyErrors (0ms)
				InitializePlatformSupportModulesInManaged (20ms)
				SetLoadedEditorAssemblies (1ms)
				RefreshPlugins (1ms)
				BeforeProcessingInitializeOnLoad (105ms)
				ProcessInitializeOnLoadAttributes (434ms)
				ProcessInitializeOnLoadMethodAttributes (38ms)
				AfterProcessingInitializeOnLoad (7ms)
				EditorAssembliesLoaded (0ms)
			ExecutionOrderSort2 (0ms)
			AwakeInstancesAfterBackupRestoration (12ms)
Platform modules already initialized, skipping
Failed to load shader (instanceID 412, GUID dd89cf5b9246416f84610a006f916af7)
Failed to load shader (instanceID 414, GUID 14eb328de4b8eb245bb7cea29e4ac00b)
Failed to load shader (instanceID 416, GUID 68e6db2ebdc24f95958faec2be5558d6)
Failed to load shader (instanceID 418, GUID bc1ede39bf3643ee8e493720e4259791)
Failed to load shader (instanceID 408, GUID fe393ace9b354375a9cb14cdbbc28be4)
Failed to load shader (instanceID 410, GUID cf81c85f95fe47e1a27f6ae460cf182c)
Failed to load shader (instanceID 420, GUID 48bb5f55d8670e349b6e614913f9d910)
Failed to load shader (instanceID 422, GUID 85187c2149c549c5b33f0cdb02836b17)
Failed to load shader (instanceID 424, GUID 128e987d567d4e2c824d754223b3f3b0)
Failed to load shader (instanceID 432, GUID f7ada0af4f174f0694ca6a487b8f543d)
Failed to load shader (instanceID 428, GUID a02a7d8c237544f1962732b55a9aebf1)
Failed to load shader (instanceID 430, GUID c8d12adcee749c344b8117cf7c7eb912)
Failed to load shader (instanceID 426, GUID 1e3b057af24249748ff873be7fafee47)
Refreshing native plugins compatible for Editor in 0.91 ms, found 4 plugins.
Preloading 0 native plugins for Editor in 0.00 ms.
Unloading 3901 Unused Serialized files (Serialized files now loaded: 0)
Unloading 37 unused Assets / (191.3 KB). Loaded Objects now: 4358.
Memory consumption went from 149.5 MB to 149.4 MB.
Total: 10.094200 ms (FindLiveObjects: 0.483900 ms CreateObjectMapping: 0.436700 ms MarkObjects: 8.853700 ms  DeleteObjects: 0.317900 ms)

AssetImportParameters requested are different than current active one (requested -> active):
  custom:video-decoder-ogg-theora: a1e56fd34408186e4bbccfd4996cb3dc -> 
  custom:container-muxer-webm: aa71ff27fc2769a1b78a27578f13a17b -> 
  custom:container-demuxer-webm: 4f35f7cbe854078d1ac9338744f61a02 -> 
  custom:video-encoder-webm-vp8: eb34c28f22e8b96e1ab97ce403110664 -> 
  custom:video-codec-MediaFoundation-h265: 746d11721c4dcdbdad8f713fa42b33f4 -> 
  custom:audio-encoder-webm-vorbis: bf7c407c2cedff20999df2af8eb42d56 -> 
  custom:framework-win-MediaFoundation: 216162199b28c13a410421893ffa2e32 -> 
  custom:container-demuxer-ogg: 62fdf1f143b41e24485cea50d1cbac27 -> 
  custom:video-decoder-webm-vp8: 9c59270c3fd7afecdb556c50c9e8de78 -> 
  custom:audio-decoder-ogg-vorbis: bf7c407c2cedff20999df2af8eb42d56 -> 
========================================================================
Received Import Request.
  Time since last request: 592.941387 seconds.
  path: Assets/TextMesh Pro/Resources/Fonts & Materials/LiberationSans SDF - Drop Shadow.mat
  artifactKey: Guid(e73a58f6e2794ae7b1b7e50b7fb811b0) Importer(815301076,1909f56bfc062723c751e8b465ee728b)
Start importing Assets/TextMesh Pro/Resources/Fonts & Materials/LiberationSans SDF - Drop Shadow.mat using Guid(e73a58f6e2794ae7b1b7e50b7fb811b0) Importer(815301076,1909f56bfc062723c751e8b465ee728b)  -> (artifact id: 'd18edf97970691668067b7a486929196') in 0.185701 seconds 
========================================================================
Received Import Request.
  Time since last request: 0.000037 seconds.
  path: Assets/TextMesh Pro/Resources/Fonts & Materials/LiberationSans SDF - Outline.mat
  artifactKey: Guid(79459efec17a4d00a321bdcc27bbc385) Importer(815301076,1909f56bfc062723c751e8b465ee728b)
Start importing Assets/TextMesh Pro/Resources/Fonts & Materials/LiberationSans SDF - Outline.mat using Guid(79459efec17a4d00a321bdcc27bbc385) Importer(815301076,1909f56bfc062723c751e8b465ee728b)  -> (artifact id: '9951e4187a66a93bd538286b98df22f4') in 0.032747 seconds 
========================================================================
Received Import Request.
  Time since last request: 354.284053 seconds.
  path: Assets/Scripts/ControlDeEventosv2.cs
  artifactKey: Guid(44225626a4ee9db44ac8801f81586eb1) Importer(815301076,1909f56bfc062723c751e8b465ee728b)
Start importing Assets/Scripts/ControlDeEventosv2.cs using Guid(44225626a4ee9db44ac8801f81586eb1) Importer(815301076,1909f56bfc062723c751e8b465ee728b)  -> (artifact id: 'e233f0f339398a093214fdc1624a6b67') in 0.019601 seconds 
========================================================================
Received Prepare
Registering precompiled user dll's ...
Registered in 0.005370 seconds.
Begin MonoManager ReloadAssembly
Symbol file LoadedFromMemory doesn't match image D:\Usuarios\Nestor\Documentos\Escuela\Modular\Unity\Psicologica_WAIS\Library\PackageCache\com.unity.visualscripting@1.7.5\Editor\VisualScripting.Core\Dependencies\YamlDotNet\Unity.VisualScripting.YamlDotNet.dll
Symbol file LoadedFromMemory doesn't match image D:\Usuarios\Nestor\Documentos\Escuela\Modular\Unity\Psicologica_WAIS\Library\PackageCache\com.unity.visualscripting@1.7.5\Editor\VisualScripting.Core\Dependencies\DotNetZip\Unity.VisualScripting.IonicZip.dll
Native extension for WindowsStandalone target not found
Refreshing native plugins compatible for Editor in 1.28 ms, found 4 plugins.
Preloading 0 native plugins for Editor in 0.00 ms.
Mono: successfully reloaded assembly
- Completed reload, in  1.640 seconds
Domain Reload Profiling:
	ReloadAssembly (1641ms)
		BeginReloadAssembly (182ms)
			ExecutionOrderSort (0ms)
			DisableScriptedObjects (11ms)
			BackupInstance (0ms)
			ReleaseScriptingObjects (0ms)
			CreateAndSetChildDomain (57ms)
		EndReloadAssembly (1328ms)
			LoadAssemblies (113ms)
			RebuildTransferFunctionScriptingTraits (0ms)
			SetupTypeCache (362ms)
			ReleaseScriptCaches (2ms)
			RebuildScriptCaches (73ms)
			SetupLoadedEditorAssemblies (631ms)
				LogAssemblyErrors (0ms)
				InitializePlatformSupportModulesInManaged (15ms)
				SetLoadedEditorAssemblies (1ms)
				RefreshPlugins (1ms)
				BeforeProcessingInitializeOnLoad (99ms)
				ProcessInitializeOnLoadAttributes (453ms)
				ProcessInitializeOnLoadMethodAttributes (51ms)
				AfterProcessingInitializeOnLoad (10ms)
				EditorAssembliesLoaded (0ms)
			ExecutionOrderSort2 (0ms)
			AwakeInstancesAfterBackupRestoration (14ms)
Platform modules already initialized, skipping
Failed to load shader (instanceID 412, GUID dd89cf5b9246416f84610a006f916af7)
Failed to load shader (instanceID 414, GUID 14eb328de4b8eb245bb7cea29e4ac00b)
Failed to load shader (instanceID 416, GUID 68e6db2ebdc24f95958faec2be5558d6)
Failed to load shader (instanceID 418, GUID bc1ede39bf3643ee8e493720e4259791)
Failed to load shader (instanceID 408, GUID fe393ace9b354375a9cb14cdbbc28be4)
Failed to load shader (instanceID 410, GUID cf81c85f95fe47e1a27f6ae460cf182c)
Failed to load shader (instanceID 420, GUID 48bb5f55d8670e349b6e614913f9d910)
Failed to load shader (instanceID 422, GUID 85187c2149c549c5b33f0cdb02836b17)
Failed to load shader (instanceID 424, GUID 128e987d567d4e2c824d754223b3f3b0)
Failed to load shader (instanceID 432, GUID f7ada0af4f174f0694ca6a487b8f543d)
Failed to load shader (instanceID 428, GUID a02a7d8c237544f1962732b55a9aebf1)
Failed to load shader (instanceID 430, GUID c8d12adcee749c344b8117cf7c7eb912)
Failed to load shader (instanceID 426, GUID 1e3b057af24249748ff873be7fafee47)
Refreshing native plugins compatible for Editor in 0.90 ms, found 4 plugins.
Preloading 0 native plugins for Editor in 0.00 ms.
Unloading 3901 Unused Serialized files (Serialized files now loaded: 0)
Unloading 32 unused Assets / (191.1 KB). Loaded Objects now: 4399.
Memory consumption went from 154.1 MB to 153.9 MB.
Total: 4.493300 ms (FindLiveObjects: 0.424300 ms CreateObjectMapping: 0.194900 ms MarkObjects: 3.705000 ms  DeleteObjects: 0.167200 ms)

AssetImportParameters requested are different than current active one (requested -> active):
  custom:video-decoder-ogg-theora: a1e56fd34408186e4bbccfd4996cb3dc -> 
  custom:container-muxer-webm: aa71ff27fc2769a1b78a27578f13a17b -> 
  custom:container-demuxer-webm: 4f35f7cbe854078d1ac9338744f61a02 -> 
  custom:video-encoder-webm-vp8: eb34c28f22e8b96e1ab97ce403110664 -> 
  custom:video-codec-MediaFoundation-h265: 746d11721c4dcdbdad8f713fa42b33f4 -> 
  custom:audio-encoder-webm-vorbis: bf7c407c2cedff20999df2af8eb42d56 -> 
  custom:framework-win-MediaFoundation: 216162199b28c13a410421893ffa2e32 -> 
  custom:container-demuxer-ogg: 62fdf1f143b41e24485cea50d1cbac27 -> 
  custom:video-decoder-webm-vp8: 9c59270c3fd7afecdb556c50c9e8de78 -> 
  custom:audio-decoder-ogg-vorbis: bf7c407c2cedff20999df2af8eb42d56 -> 
========================================================================
Received Prepare
Registering precompiled user dll's ...
Registered in 0.008412 seconds.
Begin MonoManager ReloadAssembly
Symbol file LoadedFromMemory doesn't match image D:\Usuarios\Nestor\Documentos\Escuela\Modular\Unity\Psicologica_WAIS\Library\PackageCache\com.unity.visualscripting@1.7.5\Editor\VisualScripting.Core\Dependencies\YamlDotNet\Unity.VisualScripting.YamlDotNet.dll
Symbol file LoadedFromMemory doesn't match image D:\Usuarios\Nestor\Documentos\Escuela\Modular\Unity\Psicologica_WAIS\Library\PackageCache\com.unity.visualscripting@1.7.5\Editor\VisualScripting.Core\Dependencies\DotNetZip\Unity.VisualScripting.IonicZip.dll
Native extension for WindowsStandalone target not found
Refreshing native plugins compatible for Editor in 1.05 ms, found 4 plugins.
Preloading 0 native plugins for Editor in 0.00 ms.
Mono: successfully reloaded assembly
- Completed reload, in  1.555 seconds
Domain Reload Profiling:
	ReloadAssembly (1556ms)
		BeginReloadAssembly (162ms)
			ExecutionOrderSort (0ms)
			DisableScriptedObjects (10ms)
			BackupInstance (0ms)
			ReleaseScriptingObjects (0ms)
			CreateAndSetChildDomain (48ms)
		EndReloadAssembly (1265ms)
			LoadAssemblies (88ms)
			RebuildTransferFunctionScriptingTraits (0ms)
			SetupTypeCache (346ms)
			ReleaseScriptCaches (2ms)
			RebuildScriptCaches (58ms)
			SetupLoadedEditorAssemblies (609ms)
				LogAssemblyErrors (0ms)
				InitializePlatformSupportModulesInManaged (16ms)
				SetLoadedEditorAssemblies (1ms)
				RefreshPlugins (1ms)
				BeforeProcessingInitializeOnLoad (95ms)
				ProcessInitializeOnLoadAttributes (450ms)
				ProcessInitializeOnLoadMethodAttributes (39ms)
				AfterProcessingInitializeOnLoad (7ms)
				EditorAssembliesLoaded (0ms)
			ExecutionOrderSort2 (0ms)
			AwakeInstancesAfterBackupRestoration (13ms)
Platform modules already initialized, skipping
Failed to load shader (instanceID 412, GUID dd89cf5b9246416f84610a006f916af7)
Failed to load shader (instanceID 414, GUID 14eb328de4b8eb245bb7cea29e4ac00b)
Failed to load shader (instanceID 416, GUID 68e6db2ebdc24f95958faec2be5558d6)
Failed to load shader (instanceID 418, GUID bc1ede39bf3643ee8e493720e4259791)
Failed to load shader (instanceID 408, GUID fe393ace9b354375a9cb14cdbbc28be4)
Failed to load shader (instanceID 410, GUID cf81c85f95fe47e1a27f6ae460cf182c)
Failed to load shader (instanceID 420, GUID 48bb5f55d8670e349b6e614913f9d910)
Failed to load shader (instanceID 422, GUID 85187c2149c549c5b33f0cdb02836b17)
Failed to load shader (instanceID 424, GUID 128e987d567d4e2c824d754223b3f3b0)
Failed to load shader (instanceID 432, GUID f7ada0af4f174f0694ca6a487b8f543d)
Failed to load shader (instanceID 428, GUID a02a7d8c237544f1962732b55a9aebf1)
Failed to load shader (instanceID 430, GUID c8d12adcee749c344b8117cf7c7eb912)
Failed to load shader (instanceID 426, GUID 1e3b057af24249748ff873be7fafee47)
Refreshing native plugins compatible for Editor in 0.82 ms, found 4 plugins.
Preloading 0 native plugins for Editor in 0.00 ms.
Unloading 3901 Unused Serialized files (Serialized files now loaded: 0)
Unloading 32 unused Assets / (191.2 KB). Loaded Objects now: 4401.
Memory consumption went from 154.1 MB to 153.9 MB.
Total: 4.468000 ms (FindLiveObjects: 0.331600 ms CreateObjectMapping: 0.176900 ms MarkObjects: 3.682800 ms  DeleteObjects: 0.274800 ms)

AssetImportParameters requested are different than current active one (requested -> active):
  custom:video-decoder-ogg-theora: a1e56fd34408186e4bbccfd4996cb3dc -> 
  custom:container-muxer-webm: aa71ff27fc2769a1b78a27578f13a17b -> 
  custom:container-demuxer-webm: 4f35f7cbe854078d1ac9338744f61a02 -> 
  custom:video-encoder-webm-vp8: eb34c28f22e8b96e1ab97ce403110664 -> 
  custom:video-codec-MediaFoundation-h265: 746d11721c4dcdbdad8f713fa42b33f4 -> 
  custom:audio-encoder-webm-vorbis: bf7c407c2cedff20999df2af8eb42d56 -> 
  custom:framework-win-MediaFoundation: 216162199b28c13a410421893ffa2e32 -> 
  custom:container-demuxer-ogg: 62fdf1f143b41e24485cea50d1cbac27 -> 
  custom:video-decoder-webm-vp8: 9c59270c3fd7afecdb556c50c9e8de78 -> 
  custom:audio-decoder-ogg-vorbis: bf7c407c2cedff20999df2af8eb42d56 -> 
========================================================================
Received Prepare
Registering precompiled user dll's ...
Registered in 0.005354 seconds.
Begin MonoManager ReloadAssembly
Symbol file LoadedFromMemory doesn't match image D:\Usuarios\Nestor\Documentos\Escuela\Modular\Unity\Psicologica_WAIS\Library\PackageCache\com.unity.visualscripting@1.7.5\Editor\VisualScripting.Core\Dependencies\YamlDotNet\Unity.VisualScripting.YamlDotNet.dll
Symbol file LoadedFromMemory doesn't match image D:\Usuarios\Nestor\Documentos\Escuela\Modular\Unity\Psicologica_WAIS\Library\PackageCache\com.unity.visualscripting@1.7.5\Editor\VisualScripting.Core\Dependencies\DotNetZip\Unity.VisualScripting.IonicZip.dll
Native extension for WindowsStandalone target not found
Refreshing native plugins compatible for Editor in 0.93 ms, found 4 plugins.
Preloading 0 native plugins for Editor in 0.00 ms.
Mono: successfully reloaded assembly
- Completed reload, in  1.605 seconds
Domain Reload Profiling:
	ReloadAssembly (1606ms)
		BeginReloadAssembly (162ms)
			ExecutionOrderSort (0ms)
			DisableScriptedObjects (9ms)
			BackupInstance (0ms)
			ReleaseScriptingObjects (0ms)
			CreateAndSetChildDomain (43ms)
		EndReloadAssembly (1310ms)
			LoadAssemblies (101ms)
			RebuildTransferFunctionScriptingTraits (0ms)
			SetupTypeCache (316ms)
			ReleaseScriptCaches (2ms)
			RebuildScriptCaches (61ms)
			SetupLoadedEditorAssemblies (666ms)
				LogAssemblyErrors (0ms)
				InitializePlatformSupportModulesInManaged (42ms)
				SetLoadedEditorAssemblies (1ms)
				RefreshPlugins (1ms)
				BeforeProcessingInitializeOnLoad (106ms)
				ProcessInitializeOnLoadAttributes (467ms)
				ProcessInitializeOnLoadMethodAttributes (41ms)
				AfterProcessingInitializeOnLoad (8ms)
				EditorAssembliesLoaded (0ms)
			ExecutionOrderSort2 (0ms)
			AwakeInstancesAfterBackupRestoration (13ms)
Platform modules already initialized, skipping
Failed to load shader (instanceID 412, GUID dd89cf5b9246416f84610a006f916af7)
Failed to load shader (instanceID 414, GUID 14eb328de4b8eb245bb7cea29e4ac00b)
Failed to load shader (instanceID 416, GUID 68e6db2ebdc24f95958faec2be5558d6)
Failed to load shader (instanceID 418, GUID bc1ede39bf3643ee8e493720e4259791)
Failed to load shader (instanceID 408, GUID fe393ace9b354375a9cb14cdbbc28be4)
Failed to load shader (instanceID 410, GUID cf81c85f95fe47e1a27f6ae460cf182c)
Failed to load shader (instanceID 420, GUID 48bb5f55d8670e349b6e614913f9d910)
Failed to load shader (instanceID 422, GUID 85187c2149c549c5b33f0cdb02836b17)
Failed to load shader (instanceID 424, GUID 128e987d567d4e2c824d754223b3f3b0)
Failed to load shader (instanceID 432, GUID f7ada0af4f174f0694ca6a487b8f543d)
Failed to load shader (instanceID 428, GUID a02a7d8c237544f1962732b55a9aebf1)
Failed to load shader (instanceID 430, GUID c8d12adcee749c344b8117cf7c7eb912)
Failed to load shader (instanceID 426, GUID 1e3b057af24249748ff873be7fafee47)
Refreshing native plugins compatible for Editor in 1.14 ms, found 4 plugins.
Preloading 0 native plugins for Editor in 0.00 ms.
Unloading 3901 Unused Serialized files (Serialized files now loaded: 0)
Unloading 32 unused Assets / (191.2 KB). Loaded Objects now: 4403.
Memory consumption went from 154.1 MB to 153.9 MB.
Total: 4.192200 ms (FindLiveObjects: 0.335700 ms CreateObjectMapping: 0.191200 ms MarkObjects: 3.499000 ms  DeleteObjects: 0.164000 ms)

AssetImportParameters requested are different than current active one (requested -> active):
  custom:video-decoder-ogg-theora: a1e56fd34408186e4bbccfd4996cb3dc -> 
  custom:container-muxer-webm: aa71ff27fc2769a1b78a27578f13a17b -> 
  custom:container-demuxer-webm: 4f35f7cbe854078d1ac9338744f61a02 -> 
  custom:video-encoder-webm-vp8: eb34c28f22e8b96e1ab97ce403110664 -> 
  custom:video-codec-MediaFoundation-h265: 746d11721c4dcdbdad8f713fa42b33f4 -> 
  custom:audio-encoder-webm-vorbis: bf7c407c2cedff20999df2af8eb42d56 -> 
  custom:framework-win-MediaFoundation: 216162199b28c13a410421893ffa2e32 -> 
  custom:container-demuxer-ogg: 62fdf1f143b41e24485cea50d1cbac27 -> 
  custom:video-decoder-webm-vp8: 9c59270c3fd7afecdb556c50c9e8de78 -> 
  custom:audio-decoder-ogg-vorbis: bf7c407c2cedff20999df2af8eb42d56 -> 
========================================================================
Received Prepare
Registering precompiled user dll's ...
Registered in 0.005435 seconds.
Begin MonoManager ReloadAssembly
Symbol file LoadedFromMemory doesn't match image D:\Usuarios\Nestor\Documentos\Escuela\Modular\Unity\Psicologica_WAIS\Library\PackageCache\com.unity.visualscripting@1.7.5\Editor\VisualScripting.Core\Dependencies\YamlDotNet\Unity.VisualScripting.YamlDotNet.dll
Symbol file LoadedFromMemory doesn't match image D:\Usuarios\Nestor\Documentos\Escuela\Modular\Unity\Psicologica_WAIS\Library\PackageCache\com.unity.visualscripting@1.7.5\Editor\VisualScripting.Core\Dependencies\DotNetZip\Unity.VisualScripting.IonicZip.dll
Native extension for WindowsStandalone target not found
Refreshing native plugins compatible for Editor in 0.85 ms, found 4 plugins.
Preloading 0 native plugins for Editor in 0.00 ms.
Mono: successfully reloaded assembly
- Completed reload, in  1.558 seconds
Domain Reload Profiling:
	ReloadAssembly (1559ms)
		BeginReloadAssembly (166ms)
			ExecutionOrderSort (0ms)
			DisableScriptedObjects (9ms)
			BackupInstance (0ms)
			ReleaseScriptingObjects (0ms)
			CreateAndSetChildDomain (52ms)
		EndReloadAssembly (1269ms)
			LoadAssemblies (94ms)
			RebuildTransferFunctionScriptingTraits (0ms)
			SetupTypeCache (271ms)
			ReleaseScriptCaches (3ms)
			RebuildScriptCaches (70ms)
			SetupLoadedEditorAssemblies (649ms)
				LogAssemblyErrors (0ms)
				InitializePlatformSupportModulesInManaged (14ms)
				SetLoadedEditorAssemblies (1ms)
				RefreshPlugins (1ms)
				BeforeProcessingInitializeOnLoad (95ms)
				ProcessInitializeOnLoadAttributes (479ms)
				ProcessInitializeOnLoadMethodAttributes (50ms)
				AfterProcessingInitializeOnLoad (9ms)
				EditorAssembliesLoaded (0ms)
			ExecutionOrderSort2 (0ms)
			AwakeInstancesAfterBackupRestoration (18ms)
Platform modules already initialized, skipping
Failed to load shader (instanceID 412, GUID dd89cf5b9246416f84610a006f916af7)
Failed to load shader (instanceID 414, GUID 14eb328de4b8eb245bb7cea29e4ac00b)
Failed to load shader (instanceID 416, GUID 68e6db2ebdc24f95958faec2be5558d6)
Failed to load shader (instanceID 418, GUID bc1ede39bf3643ee8e493720e4259791)
Failed to load shader (instanceID 408, GUID fe393ace9b354375a9cb14cdbbc28be4)
Failed to load shader (instanceID 410, GUID cf81c85f95fe47e1a27f6ae460cf182c)
Failed to load shader (instanceID 420, GUID 48bb5f55d8670e349b6e614913f9d910)
Failed to load shader (instanceID 422, GUID 85187c2149c549c5b33f0cdb02836b17)
Failed to load shader (instanceID 424, GUID 128e987d567d4e2c824d754223b3f3b0)
Failed to load shader (instanceID 432, GUID f7ada0af4f174f0694ca6a487b8f543d)
Failed to load shader (instanceID 428, GUID a02a7d8c237544f1962732b55a9aebf1)
Failed to load shader (instanceID 430, GUID c8d12adcee749c344b8117cf7c7eb912)
Failed to load shader (instanceID 426, GUID 1e3b057af24249748ff873be7fafee47)
Refreshing native plugins compatible for Editor in 0.81 ms, found 4 plugins.
Preloading 0 native plugins for Editor in 0.00 ms.
Unloading 3901 Unused Serialized files (Serialized files now loaded: 0)
Unloading 32 unused Assets / (191.1 KB). Loaded Objects now: 4405.
Memory consumption went from 154.1 MB to 153.9 MB.
Total: 5.351800 ms (FindLiveObjects: 0.327200 ms CreateObjectMapping: 0.169400 ms MarkObjects: 4.655100 ms  DeleteObjects: 0.198100 ms)

AssetImportParameters requested are different than current active one (requested -> active):
  custom:video-decoder-ogg-theora: a1e56fd34408186e4bbccfd4996cb3dc -> 
  custom:container-muxer-webm: aa71ff27fc2769a1b78a27578f13a17b -> 
  custom:container-demuxer-webm: 4f35f7cbe854078d1ac9338744f61a02 -> 
  custom:video-encoder-webm-vp8: eb34c28f22e8b96e1ab97ce403110664 -> 
  custom:video-codec-MediaFoundation-h265: 746d11721c4dcdbdad8f713fa42b33f4 -> 
  custom:audio-encoder-webm-vorbis: bf7c407c2cedff20999df2af8eb42d56 -> 
  custom:framework-win-MediaFoundation: 216162199b28c13a410421893ffa2e32 -> 
  custom:container-demuxer-ogg: 62fdf1f143b41e24485cea50d1cbac27 -> 
  custom:video-decoder-webm-vp8: 9c59270c3fd7afecdb556c50c9e8de78 -> 
  custom:audio-decoder-ogg-vorbis: bf7c407c2cedff20999df2af8eb42d56 -> 
========================================================================
Received Import Request.
  Time since last request: 667.633115 seconds.
  path: Assets/Scripts/pruebasV2/Dropdawn
  artifactKey: Guid(a73faaa0ad374b741b354d0b9c3c6830) Importer(815301076,1909f56bfc062723c751e8b465ee728b)
Start importing Assets/Scripts/pruebasV2/Dropdawn using Guid(a73faaa0ad374b741b354d0b9c3c6830) Importer(815301076,1909f56bfc062723c751e8b465ee728b)  -> (artifact id: 'e8d8394f3a0b93b135cb466f83fef511') in 0.011518 seconds 
========================================================================
Received Import Request.
  Time since last request: 347.857459 seconds.
  path: Assets/Scripts/pruebasV2/TextMeshPro
  artifactKey: Guid(e806daf96b723754e9db45739738a462) Importer(815301076,1909f56bfc062723c751e8b465ee728b)
Start importing Assets/Scripts/pruebasV2/TextMeshPro using Guid(e806daf96b723754e9db45739738a462) Importer(815301076,1909f56bfc062723c751e8b465ee728b)  -> (artifact id: 'f884072e7776686e270ccdad8a7bfd0b') in 0.006948 seconds 
========================================================================
Received Import Request.
  Time since last request: 26.592940 seconds.
  path: Assets/Scripts/pruebasV2/Toggle
  artifactKey: Guid(ca7e7269cbad196478657efc4d00f2b9) Importer(815301076,1909f56bfc062723c751e8b465ee728b)
Start importing Assets/Scripts/pruebasV2/Toggle using Guid(ca7e7269cbad196478657efc4d00f2b9) Importer(815301076,1909f56bfc062723c751e8b465ee728b)  -> (artifact id: '912f90858f5322cc97e89dd4729f3bf8') in 0.002488 seconds 
========================================================================
Received Prepare
Registering precompiled user dll's ...
Registered in 0.005405 seconds.
Begin MonoManager ReloadAssembly
Symbol file LoadedFromMemory doesn't match image D:\Usuarios\Nestor\Documentos\Escuela\Modular\Unity\Psicologica_WAIS\Library\PackageCache\com.unity.visualscripting@1.7.5\Editor\VisualScripting.Core\Dependencies\YamlDotNet\Unity.VisualScripting.YamlDotNet.dll
Symbol file LoadedFromMemory doesn't match image D:\Usuarios\Nestor\Documentos\Escuela\Modular\Unity\Psicologica_WAIS\Library\PackageCache\com.unity.visualscripting@1.7.5\Editor\VisualScripting.Core\Dependencies\DotNetZip\Unity.VisualScripting.IonicZip.dll
Native extension for WindowsStandalone target not found
Refreshing native plugins compatible for Editor in 1.32 ms, found 4 plugins.
Preloading 0 native plugins for Editor in 0.00 ms.
Mono: successfully reloaded assembly
- Completed reload, in  1.770 seconds
Domain Reload Profiling:
	ReloadAssembly (1771ms)
		BeginReloadAssembly (179ms)
			ExecutionOrderSort (0ms)
			DisableScriptedObjects (14ms)
			BackupInstance (0ms)
			ReleaseScriptingObjects (0ms)
			CreateAndSetChildDomain (53ms)
		EndReloadAssembly (1424ms)
			LoadAssemblies (106ms)
			RebuildTransferFunctionScriptingTraits (0ms)
			SetupTypeCache (336ms)
			ReleaseScriptCaches (2ms)
			RebuildScriptCaches (78ms)
			SetupLoadedEditorAssemblies (617ms)
				LogAssemblyErrors (0ms)
				InitializePlatformSupportModulesInManaged (21ms)
				SetLoadedEditorAssemblies (1ms)
				RefreshPlugins (1ms)
				BeforeProcessingInitializeOnLoad (115ms)
				ProcessInitializeOnLoadAttributes (426ms)
				ProcessInitializeOnLoadMethodAttributes (44ms)
				AfterProcessingInitializeOnLoad (8ms)
				EditorAssembliesLoaded (0ms)
			ExecutionOrderSort2 (0ms)
			AwakeInstancesAfterBackupRestoration (12ms)
Platform modules already initialized, skipping
Failed to load shader (instanceID 412, GUID dd89cf5b9246416f84610a006f916af7)
Failed to load shader (instanceID 414, GUID 14eb328de4b8eb245bb7cea29e4ac00b)
Failed to load shader (instanceID 416, GUID 68e6db2ebdc24f95958faec2be5558d6)
Failed to load shader (instanceID 418, GUID bc1ede39bf3643ee8e493720e4259791)
Failed to load shader (instanceID 408, GUID fe393ace9b354375a9cb14cdbbc28be4)
Failed to load shader (instanceID 410, GUID cf81c85f95fe47e1a27f6ae460cf182c)
Failed to load shader (instanceID 420, GUID 48bb5f55d8670e349b6e614913f9d910)
Failed to load shader (instanceID 422, GUID 85187c2149c549c5b33f0cdb02836b17)
Failed to load shader (instanceID 424, GUID 128e987d567d4e2c824d754223b3f3b0)
Failed to load shader (instanceID 432, GUID f7ada0af4f174f0694ca6a487b8f543d)
Failed to load shader (instanceID 428, GUID a02a7d8c237544f1962732b55a9aebf1)
Failed to load shader (instanceID 430, GUID c8d12adcee749c344b8117cf7c7eb912)
Failed to load shader (instanceID 426, GUID 1e3b057af24249748ff873be7fafee47)
Refreshing native plugins compatible for Editor in 0.80 ms, found 4 plugins.
Preloading 0 native plugins for Editor in 0.00 ms.
Unloading 3901 Unused Serialized files (Serialized files now loaded: 0)
Unloading 32 unused Assets / (191.0 KB). Loaded Objects now: 4407.
Memory consumption went from 154.1 MB to 153.9 MB.
Total: 5.569700 ms (FindLiveObjects: 0.317900 ms CreateObjectMapping: 0.158400 ms MarkObjects: 4.914300 ms  DeleteObjects: 0.177300 ms)

AssetImportParameters requested are different than current active one (requested -> active):
  custom:video-decoder-ogg-theora: a1e56fd34408186e4bbccfd4996cb3dc -> 
  custom:container-muxer-webm: aa71ff27fc2769a1b78a27578f13a17b -> 
  custom:container-demuxer-webm: 4f35f7cbe854078d1ac9338744f61a02 -> 
  custom:video-encoder-webm-vp8: eb34c28f22e8b96e1ab97ce403110664 -> 
  custom:video-codec-MediaFoundation-h265: 746d11721c4dcdbdad8f713fa42b33f4 -> 
  custom:audio-encoder-webm-vorbis: bf7c407c2cedff20999df2af8eb42d56 -> 
  custom:framework-win-MediaFoundation: 216162199b28c13a410421893ffa2e32 -> 
  custom:container-demuxer-ogg: 62fdf1f143b41e24485cea50d1cbac27 -> 
  custom:video-decoder-webm-vp8: 9c59270c3fd7afecdb556c50c9e8de78 -> 
  custom:audio-decoder-ogg-vorbis: bf7c407c2cedff20999df2af8eb42d56 -> 
========================================================================
Received Prepare
Registering precompiled user dll's ...
Registered in 0.005477 seconds.
Begin MonoManager ReloadAssembly
Symbol file LoadedFromMemory doesn't match image D:\Usuarios\Nestor\Documentos\Escuela\Modular\Unity\Psicologica_WAIS\Library\PackageCache\com.unity.visualscripting@1.7.5\Editor\VisualScripting.Core\Dependencies\YamlDotNet\Unity.VisualScripting.YamlDotNet.dll
Symbol file LoadedFromMemory doesn't match image D:\Usuarios\Nestor\Documentos\Escuela\Modular\Unity\Psicologica_WAIS\Library\PackageCache\com.unity.visualscripting@1.7.5\Editor\VisualScripting.Core\Dependencies\DotNetZip\Unity.VisualScripting.IonicZip.dll
Native extension for WindowsStandalone target not found
Refreshing native plugins compatible for Editor in 0.85 ms, found 4 plugins.
Preloading 0 native plugins for Editor in 0.00 ms.
Mono: successfully reloaded assembly
- Completed reload, in  1.528 seconds
Domain Reload Profiling:
	ReloadAssembly (1529ms)
		BeginReloadAssembly (180ms)
			ExecutionOrderSort (0ms)
			DisableScriptedObjects (9ms)
			BackupInstance (0ms)
			ReleaseScriptingObjects (0ms)
			CreateAndSetChildDomain (49ms)
		EndReloadAssembly (1223ms)
			LoadAssemblies (114ms)
			RebuildTransferFunctionScriptingTraits (0ms)
			SetupTypeCache (331ms)
			ReleaseScriptCaches (2ms)
			RebuildScriptCaches (56ms)
			SetupLoadedEditorAssemblies (586ms)
				LogAssemblyErrors (0ms)
				InitializePlatformSupportModulesInManaged (16ms)
				SetLoadedEditorAssemblies (1ms)
				RefreshPlugins (1ms)
				BeforeProcessingInitializeOnLoad (92ms)
				ProcessInitializeOnLoadAttributes (424ms)
				ProcessInitializeOnLoadMethodAttributes (42ms)
				AfterProcessingInitializeOnLoad (9ms)
				EditorAssembliesLoaded (0ms)
			ExecutionOrderSort2 (0ms)
			AwakeInstancesAfterBackupRestoration (13ms)
Platform modules already initialized, skipping
Failed to load shader (instanceID 412, GUID dd89cf5b9246416f84610a006f916af7)
Failed to load shader (instanceID 414, GUID 14eb328de4b8eb245bb7cea29e4ac00b)
Failed to load shader (instanceID 416, GUID 68e6db2ebdc24f95958faec2be5558d6)
Failed to load shader (instanceID 418, GUID bc1ede39bf3643ee8e493720e4259791)
Failed to load shader (instanceID 408, GUID fe393ace9b354375a9cb14cdbbc28be4)
Failed to load shader (instanceID 410, GUID cf81c85f95fe47e1a27f6ae460cf182c)
Failed to load shader (instanceID 420, GUID 48bb5f55d8670e349b6e614913f9d910)
Failed to load shader (instanceID 422, GUID 85187c2149c549c5b33f0cdb02836b17)
Failed to load shader (instanceID 424, GUID 128e987d567d4e2c824d754223b3f3b0)
Failed to load shader (instanceID 432, GUID f7ada0af4f174f0694ca6a487b8f543d)
Failed to load shader (instanceID 428, GUID a02a7d8c237544f1962732b55a9aebf1)
Failed to load shader (instanceID 430, GUID c8d12adcee749c344b8117cf7c7eb912)
Failed to load shader (instanceID 426, GUID 1e3b057af24249748ff873be7fafee47)
Refreshing native plugins compatible for Editor in 1.23 ms, found 4 plugins.
Preloading 0 native plugins for Editor in 0.00 ms.
Unloading 3901 Unused Serialized files (Serialized files now loaded: 0)
Unloading 32 unused Assets / (191.1 KB). Loaded Objects now: 4409.
Memory consumption went from 154.1 MB to 153.9 MB.
Total: 5.106200 ms (FindLiveObjects: 0.321000 ms CreateObjectMapping: 0.183000 ms MarkObjects: 4.425300 ms  DeleteObjects: 0.175200 ms)

AssetImportParameters requested are different than current active one (requested -> active):
  custom:video-decoder-ogg-theora: a1e56fd34408186e4bbccfd4996cb3dc -> 
  custom:container-muxer-webm: aa71ff27fc2769a1b78a27578f13a17b -> 
  custom:container-demuxer-webm: 4f35f7cbe854078d1ac9338744f61a02 -> 
  custom:video-encoder-webm-vp8: eb34c28f22e8b96e1ab97ce403110664 -> 
  custom:video-codec-MediaFoundation-h265: 746d11721c4dcdbdad8f713fa42b33f4 -> 
  custom:audio-encoder-webm-vorbis: bf7c407c2cedff20999df2af8eb42d56 -> 
  custom:framework-win-MediaFoundation: 216162199b28c13a410421893ffa2e32 -> 
  custom:container-demuxer-ogg: 62fdf1f143b41e24485cea50d1cbac27 -> 
  custom:video-decoder-webm-vp8: 9c59270c3fd7afecdb556c50c9e8de78 -> 
  custom:audio-decoder-ogg-vorbis: bf7c407c2cedff20999df2af8eb42d56 -> 
========================================================================
Received Import Request.
  Time since last request: 3177.784794 seconds.
  path: Assets/Scripts/pruebasV2/Dropdawn/capturaDeDropdawn.cs
  artifactKey: Guid(cc235f6ff92637140999837eca4b5a3a) Importer(815301076,1909f56bfc062723c751e8b465ee728b)
Start importing Assets/Scripts/pruebasV2/Dropdawn/capturaDeDropdawn.cs using Guid(cc235f6ff92637140999837eca4b5a3a) Importer(815301076,1909f56bfc062723c751e8b465ee728b)  -> (artifact id: '86de217b01567c8cb7d256d6692fd8ae') in 0.018301 seconds 
========================================================================
Received Prepare
Registering precompiled user dll's ...
Registered in 0.005229 seconds.
Begin MonoManager ReloadAssembly
Symbol file LoadedFromMemory doesn't match image D:\Usuarios\Nestor\Documentos\Escuela\Modular\Unity\Psicologica_WAIS\Library\PackageCache\com.unity.visualscripting@1.7.5\Editor\VisualScripting.Core\Dependencies\YamlDotNet\Unity.VisualScripting.YamlDotNet.dll
Symbol file LoadedFromMemory doesn't match image D:\Usuarios\Nestor\Documentos\Escuela\Modular\Unity\Psicologica_WAIS\Library\PackageCache\com.unity.visualscripting@1.7.5\Editor\VisualScripting.Core\Dependencies\DotNetZip\Unity.VisualScripting.IonicZip.dll
Native extension for WindowsStandalone target not found
Refreshing native plugins compatible for Editor in 0.89 ms, found 4 plugins.
Preloading 0 native plugins for Editor in 0.00 ms.
Mono: successfully reloaded assembly
- Completed reload, in  1.754 seconds
Domain Reload Profiling:
	ReloadAssembly (1755ms)
		BeginReloadAssembly (170ms)
			ExecutionOrderSort (0ms)
			DisableScriptedObjects (10ms)
			BackupInstance (0ms)
			ReleaseScriptingObjects (0ms)
			CreateAndSetChildDomain (48ms)
		EndReloadAssembly (1464ms)
			LoadAssemblies (104ms)
			RebuildTransferFunctionScriptingTraits (0ms)
			SetupTypeCache (375ms)
			ReleaseScriptCaches (3ms)
			RebuildScriptCaches (107ms)
			SetupLoadedEditorAssemblies (600ms)
				LogAssemblyErrors (0ms)
				InitializePlatformSupportModulesInManaged (15ms)
				SetLoadedEditorAssemblies (1ms)
				RefreshPlugins (1ms)
				BeforeProcessingInitializeOnLoad (95ms)
				ProcessInitializeOnLoadAttributes (440ms)
				ProcessInitializeOnLoadMethodAttributes (41ms)
				AfterProcessingInitializeOnLoad (7ms)
				EditorAssembliesLoaded (0ms)
			ExecutionOrderSort2 (0ms)
			AwakeInstancesAfterBackupRestoration (13ms)
Platform modules already initialized, skipping
Failed to load shader (instanceID 412, GUID dd89cf5b9246416f84610a006f916af7)
Failed to load shader (instanceID 414, GUID 14eb328de4b8eb245bb7cea29e4ac00b)
Failed to load shader (instanceID 416, GUID 68e6db2ebdc24f95958faec2be5558d6)
Failed to load shader (instanceID 418, GUID bc1ede39bf3643ee8e493720e4259791)
Failed to load shader (instanceID 408, GUID fe393ace9b354375a9cb14cdbbc28be4)
Failed to load shader (instanceID 410, GUID cf81c85f95fe47e1a27f6ae460cf182c)
Failed to load shader (instanceID 420, GUID 48bb5f55d8670e349b6e614913f9d910)
Failed to load shader (instanceID 422, GUID 85187c2149c549c5b33f0cdb02836b17)
Failed to load shader (instanceID 424, GUID 128e987d567d4e2c824d754223b3f3b0)
Failed to load shader (instanceID 432, GUID f7ada0af4f174f0694ca6a487b8f543d)
Failed to load shader (instanceID 428, GUID a02a7d8c237544f1962732b55a9aebf1)
Failed to load shader (instanceID 430, GUID c8d12adcee749c344b8117cf7c7eb912)
Failed to load shader (instanceID 426, GUID 1e3b057af24249748ff873be7fafee47)
Refreshing native plugins compatible for Editor in 1.37 ms, found 4 plugins.
Preloading 0 native plugins for Editor in 0.00 ms.
Unloading 3901 Unused Serialized files (Serialized files now loaded: 0)
Unloading 32 unused Assets / (191.0 KB). Loaded Objects now: 4411.
Memory consumption went from 154.1 MB to 153.9 MB.
Total: 5.703000 ms (FindLiveObjects: 0.348900 ms CreateObjectMapping: 0.172600 ms MarkObjects: 4.915300 ms  DeleteObjects: 0.263900 ms)

AssetImportParameters requested are different than current active one (requested -> active):
  custom:video-decoder-ogg-theora: a1e56fd34408186e4bbccfd4996cb3dc -> 
  custom:container-muxer-webm: aa71ff27fc2769a1b78a27578f13a17b -> 
  custom:container-demuxer-webm: 4f35f7cbe854078d1ac9338744f61a02 -> 
  custom:video-encoder-webm-vp8: eb34c28f22e8b96e1ab97ce403110664 -> 
  custom:video-codec-MediaFoundation-h265: 746d11721c4dcdbdad8f713fa42b33f4 -> 
  custom:audio-encoder-webm-vorbis: bf7c407c2cedff20999df2af8eb42d56 -> 
  custom:framework-win-MediaFoundation: 216162199b28c13a410421893ffa2e32 -> 
  custom:container-demuxer-ogg: 62fdf1f143b41e24485cea50d1cbac27 -> 
  custom:video-decoder-webm-vp8: 9c59270c3fd7afecdb556c50c9e8de78 -> 
  custom:audio-decoder-ogg-vorbis: bf7c407c2cedff20999df2af8eb42d56 -> 
========================================================================
Received Prepare
Registering precompiled user dll's ...
Registered in 0.005344 seconds.
Begin MonoManager ReloadAssembly
Symbol file LoadedFromMemory doesn't match image D:\Usuarios\Nestor\Documentos\Escuela\Modular\Unity\Psicologica_WAIS\Library\PackageCache\com.unity.visualscripting@1.7.5\Editor\VisualScripting.Core\Dependencies\YamlDotNet\Unity.VisualScripting.YamlDotNet.dll
Symbol file LoadedFromMemory doesn't match image D:\Usuarios\Nestor\Documentos\Escuela\Modular\Unity\Psicologica_WAIS\Library\PackageCache\com.unity.visualscripting@1.7.5\Editor\VisualScripting.Core\Dependencies\DotNetZip\Unity.VisualScripting.IonicZip.dll
Native extension for WindowsStandalone target not found
Refreshing native plugins compatible for Editor in 0.87 ms, found 4 plugins.
Preloading 0 native plugins for Editor in 0.00 ms.
Mono: successfully reloaded assembly
- Completed reload, in  1.539 seconds
Domain Reload Profiling:
	ReloadAssembly (1540ms)
		BeginReloadAssembly (152ms)
			ExecutionOrderSort (0ms)
			DisableScriptedObjects (9ms)
			BackupInstance (0ms)
			ReleaseScriptingObjects (0ms)
			CreateAndSetChildDomain (47ms)
		EndReloadAssembly (1258ms)
			LoadAssemblies (100ms)
			RebuildTransferFunctionScriptingTraits (0ms)
			SetupTypeCache (330ms)
			ReleaseScriptCaches (2ms)
			RebuildScriptCaches (57ms)
			SetupLoadedEditorAssemblies (614ms)
				LogAssemblyErrors (0ms)
				InitializePlatformSupportModulesInManaged (15ms)
				SetLoadedEditorAssemblies (1ms)
				RefreshPlugins (1ms)
				BeforeProcessingInitializeOnLoad (93ms)
				ProcessInitializeOnLoadAttributes (454ms)
				ProcessInitializeOnLoadMethodAttributes (42ms)
				AfterProcessingInitializeOnLoad (8ms)
				EditorAssembliesLoaded (0ms)
			ExecutionOrderSort2 (0ms)
			AwakeInstancesAfterBackupRestoration (13ms)
Platform modules already initialized, skipping
Failed to load shader (instanceID 412, GUID dd89cf5b9246416f84610a006f916af7)
Failed to load shader (instanceID 414, GUID 14eb328de4b8eb245bb7cea29e4ac00b)
Failed to load shader (instanceID 416, GUID 68e6db2ebdc24f95958faec2be5558d6)
Failed to load shader (instanceID 418, GUID bc1ede39bf3643ee8e493720e4259791)
Failed to load shader (instanceID 408, GUID fe393ace9b354375a9cb14cdbbc28be4)
Failed to load shader (instanceID 410, GUID cf81c85f95fe47e1a27f6ae460cf182c)
Failed to load shader (instanceID 420, GUID 48bb5f55d8670e349b6e614913f9d910)
Failed to load shader (instanceID 422, GUID 85187c2149c549c5b33f0cdb02836b17)
Failed to load shader (instanceID 424, GUID 128e987d567d4e2c824d754223b3f3b0)
Failed to load shader (instanceID 432, GUID f7ada0af4f174f0694ca6a487b8f543d)
Failed to load shader (instanceID 428, GUID a02a7d8c237544f1962732b55a9aebf1)
Failed to load shader (instanceID 430, GUID c8d12adcee749c344b8117cf7c7eb912)
Failed to load shader (instanceID 426, GUID 1e3b057af24249748ff873be7fafee47)
Refreshing native plugins compatible for Editor in 0.84 ms, found 4 plugins.
Preloading 0 native plugins for Editor in 0.00 ms.
Unloading 3901 Unused Serialized files (Serialized files now loaded: 0)
Unloading 32 unused Assets / (191.1 KB). Loaded Objects now: 4413.
Memory consumption went from 154.1 MB to 153.9 MB.
Total: 5.143800 ms (FindLiveObjects: 0.377200 ms CreateObjectMapping: 0.294300 ms MarkObjects: 4.276000 ms  DeleteObjects: 0.194300 ms)

AssetImportParameters requested are different than current active one (requested -> active):
  custom:video-decoder-ogg-theora: a1e56fd34408186e4bbccfd4996cb3dc -> 
  custom:container-muxer-webm: aa71ff27fc2769a1b78a27578f13a17b -> 
  custom:container-demuxer-webm: 4f35f7cbe854078d1ac9338744f61a02 -> 
  custom:video-encoder-webm-vp8: eb34c28f22e8b96e1ab97ce403110664 -> 
  custom:video-codec-MediaFoundation-h265: 746d11721c4dcdbdad8f713fa42b33f4 -> 
  custom:audio-encoder-webm-vorbis: bf7c407c2cedff20999df2af8eb42d56 -> 
  custom:framework-win-MediaFoundation: 216162199b28c13a410421893ffa2e32 -> 
  custom:container-demuxer-ogg: 62fdf1f143b41e24485cea50d1cbac27 -> 
  custom:video-decoder-webm-vp8: 9c59270c3fd7afecdb556c50c9e8de78 -> 
  custom:audio-decoder-ogg-vorbis: bf7c407c2cedff20999df2af8eb42d56 -> 
========================================================================
Received Prepare
Registering precompiled user dll's ...
Registered in 0.005438 seconds.
Begin MonoManager ReloadAssembly
Symbol file LoadedFromMemory doesn't match image D:\Usuarios\Nestor\Documentos\Escuela\Modular\Unity\Psicologica_WAIS\Library\PackageCache\com.unity.visualscripting@1.7.5\Editor\VisualScripting.Core\Dependencies\YamlDotNet\Unity.VisualScripting.YamlDotNet.dll
Symbol file LoadedFromMemory doesn't match image D:\Usuarios\Nestor\Documentos\Escuela\Modular\Unity\Psicologica_WAIS\Library\PackageCache\com.unity.visualscripting@1.7.5\Editor\VisualScripting.Core\Dependencies\DotNetZip\Unity.VisualScripting.IonicZip.dll
Native extension for WindowsStandalone target not found
Refreshing native plugins compatible for Editor in 1.29 ms, found 4 plugins.
Preloading 0 native plugins for Editor in 0.00 ms.
Mono: successfully reloaded assembly
- Completed reload, in  1.672 seconds
Domain Reload Profiling:
	ReloadAssembly (1673ms)
		BeginReloadAssembly (160ms)
			ExecutionOrderSort (0ms)
			DisableScriptedObjects (9ms)
			BackupInstance (0ms)
			ReleaseScriptingObjects (0ms)
			CreateAndSetChildDomain (46ms)
		EndReloadAssembly (1387ms)
			LoadAssemblies (100ms)
			RebuildTransferFunctionScriptingTraits (0ms)
			SetupTypeCache (311ms)
			ReleaseScriptCaches (2ms)
			RebuildScriptCaches (84ms)
			SetupLoadedEditorAssemblies (614ms)
				LogAssemblyErrors (0ms)
				InitializePlatformSupportModulesInManaged (18ms)
				SetLoadedEditorAssemblies (1ms)
				RefreshPlugins (1ms)
				BeforeProcessingInitializeOnLoad (98ms)
				ProcessInitializeOnLoadAttributes (443ms)
				ProcessInitializeOnLoadMethodAttributes (44ms)
				AfterProcessingInitializeOnLoad (8ms)
				EditorAssembliesLoaded (0ms)
			ExecutionOrderSort2 (0ms)
			AwakeInstancesAfterBackupRestoration (16ms)
Platform modules already initialized, skipping
Failed to load shader (instanceID 412, GUID dd89cf5b9246416f84610a006f916af7)
Failed to load shader (instanceID 414, GUID 14eb328de4b8eb245bb7cea29e4ac00b)
Failed to load shader (instanceID 416, GUID 68e6db2ebdc24f95958faec2be5558d6)
Failed to load shader (instanceID 418, GUID bc1ede39bf3643ee8e493720e4259791)
Failed to load shader (instanceID 408, GUID fe393ace9b354375a9cb14cdbbc28be4)
Failed to load shader (instanceID 410, GUID cf81c85f95fe47e1a27f6ae460cf182c)
Failed to load shader (instanceID 420, GUID 48bb5f55d8670e349b6e614913f9d910)
Failed to load shader (instanceID 422, GUID 85187c2149c549c5b33f0cdb02836b17)
Failed to load shader (instanceID 424, GUID 128e987d567d4e2c824d754223b3f3b0)
Failed to load shader (instanceID 432, GUID f7ada0af4f174f0694ca6a487b8f543d)
Failed to load shader (instanceID 428, GUID a02a7d8c237544f1962732b55a9aebf1)
Failed to load shader (instanceID 430, GUID c8d12adcee749c344b8117cf7c7eb912)
Failed to load shader (instanceID 426, GUID 1e3b057af24249748ff873be7fafee47)
Refreshing native plugins compatible for Editor in 0.79 ms, found 4 plugins.
Preloading 0 native plugins for Editor in 0.00 ms.
Unloading 3901 Unused Serialized files (Serialized files now loaded: 0)
Unloading 32 unused Assets / (191.3 KB). Loaded Objects now: 4415.
Memory consumption went from 154.1 MB to 153.9 MB.
Total: 5.622700 ms (FindLiveObjects: 0.391400 ms CreateObjectMapping: 0.195800 ms MarkObjects: 4.862000 ms  DeleteObjects: 0.171900 ms)

AssetImportParameters requested are different than current active one (requested -> active):
  custom:video-decoder-ogg-theora: a1e56fd34408186e4bbccfd4996cb3dc -> 
  custom:container-muxer-webm: aa71ff27fc2769a1b78a27578f13a17b -> 
  custom:container-demuxer-webm: 4f35f7cbe854078d1ac9338744f61a02 -> 
  custom:video-encoder-webm-vp8: eb34c28f22e8b96e1ab97ce403110664 -> 
  custom:video-codec-MediaFoundation-h265: 746d11721c4dcdbdad8f713fa42b33f4 -> 
  custom:audio-encoder-webm-vorbis: bf7c407c2cedff20999df2af8eb42d56 -> 
  custom:framework-win-MediaFoundation: 216162199b28c13a410421893ffa2e32 -> 
  custom:container-demuxer-ogg: 62fdf1f143b41e24485cea50d1cbac27 -> 
  custom:video-decoder-webm-vp8: 9c59270c3fd7afecdb556c50c9e8de78 -> 
  custom:audio-decoder-ogg-vorbis: bf7c407c2cedff20999df2af8eb42d56 -> 
========================================================================
Received Prepare
Registering precompiled user dll's ...
Registered in 0.007686 seconds.
Begin MonoManager ReloadAssembly
Symbol file LoadedFromMemory doesn't match image D:\Usuarios\Nestor\Documentos\Escuela\Modular\Unity\Psicologica_WAIS\Library\PackageCache\com.unity.visualscripting@1.7.5\Editor\VisualScripting.Core\Dependencies\YamlDotNet\Unity.VisualScripting.YamlDotNet.dll
Symbol file LoadedFromMemory doesn't match image D:\Usuarios\Nestor\Documentos\Escuela\Modular\Unity\Psicologica_WAIS\Library\PackageCache\com.unity.visualscripting@1.7.5\Editor\VisualScripting.Core\Dependencies\DotNetZip\Unity.VisualScripting.IonicZip.dll
Native extension for WindowsStandalone target not found
Refreshing native plugins compatible for Editor in 0.88 ms, found 4 plugins.
Preloading 0 native plugins for Editor in 0.00 ms.
Mono: successfully reloaded assembly
- Completed reload, in  1.586 seconds
Domain Reload Profiling:
	ReloadAssembly (1587ms)
		BeginReloadAssembly (226ms)
			ExecutionOrderSort (0ms)
			DisableScriptedObjects (14ms)
			BackupInstance (0ms)
			ReleaseScriptingObjects (0ms)
			CreateAndSetChildDomain (79ms)
		EndReloadAssembly (1211ms)
			LoadAssemblies (121ms)
			RebuildTransferFunctionScriptingTraits (0ms)
			SetupTypeCache (307ms)
			ReleaseScriptCaches (2ms)
			RebuildScriptCaches (57ms)
			SetupLoadedEditorAssemblies (600ms)
				LogAssemblyErrors (0ms)
				InitializePlatformSupportModulesInManaged (16ms)
				SetLoadedEditorAssemblies (1ms)
				RefreshPlugins (1ms)
				BeforeProcessingInitializeOnLoad (108ms)
				ProcessInitializeOnLoadAttributes (423ms)
				ProcessInitializeOnLoadMethodAttributes (41ms)
				AfterProcessingInitializeOnLoad (10ms)
				EditorAssembliesLoaded (0ms)
			ExecutionOrderSort2 (0ms)
			AwakeInstancesAfterBackupRestoration (13ms)
Platform modules already initialized, skipping
Failed to load shader (instanceID 412, GUID dd89cf5b9246416f84610a006f916af7)
Failed to load shader (instanceID 414, GUID 14eb328de4b8eb245bb7cea29e4ac00b)
Failed to load shader (instanceID 416, GUID 68e6db2ebdc24f95958faec2be5558d6)
Failed to load shader (instanceID 418, GUID bc1ede39bf3643ee8e493720e4259791)
Failed to load shader (instanceID 408, GUID fe393ace9b354375a9cb14cdbbc28be4)
Failed to load shader (instanceID 410, GUID cf81c85f95fe47e1a27f6ae460cf182c)
Failed to load shader (instanceID 420, GUID 48bb5f55d8670e349b6e614913f9d910)
Failed to load shader (instanceID 422, GUID 85187c2149c549c5b33f0cdb02836b17)
Failed to load shader (instanceID 424, GUID 128e987d567d4e2c824d754223b3f3b0)
Failed to load shader (instanceID 432, GUID f7ada0af4f174f0694ca6a487b8f543d)
Failed to load shader (instanceID 428, GUID a02a7d8c237544f1962732b55a9aebf1)
Failed to load shader (instanceID 430, GUID c8d12adcee749c344b8117cf7c7eb912)
Failed to load shader (instanceID 426, GUID 1e3b057af24249748ff873be7fafee47)
Refreshing native plugins compatible for Editor in 1.63 ms, found 4 plugins.
Preloading 0 native plugins for Editor in 0.00 ms.
Unloading 3901 Unused Serialized files (Serialized files now loaded: 0)
Unloading 32 unused Assets / (191.1 KB). Loaded Objects now: 4417.
Memory consumption went from 154.1 MB to 153.9 MB.
Total: 7.588300 ms (FindLiveObjects: 0.538400 ms CreateObjectMapping: 0.272000 ms MarkObjects: 6.538500 ms  DeleteObjects: 0.237400 ms)

AssetImportParameters requested are different than current active one (requested -> active):
  custom:video-decoder-ogg-theora: a1e56fd34408186e4bbccfd4996cb3dc -> 
  custom:container-muxer-webm: aa71ff27fc2769a1b78a27578f13a17b -> 
  custom:container-demuxer-webm: 4f35f7cbe854078d1ac9338744f61a02 -> 
  custom:video-encoder-webm-vp8: eb34c28f22e8b96e1ab97ce403110664 -> 
  custom:video-codec-MediaFoundation-h265: 746d11721c4dcdbdad8f713fa42b33f4 -> 
  custom:audio-encoder-webm-vorbis: bf7c407c2cedff20999df2af8eb42d56 -> 
  custom:framework-win-MediaFoundation: 216162199b28c13a410421893ffa2e32 -> 
  custom:container-demuxer-ogg: 62fdf1f143b41e24485cea50d1cbac27 -> 
  custom:video-decoder-webm-vp8: 9c59270c3fd7afecdb556c50c9e8de78 -> 
  custom:audio-decoder-ogg-vorbis: bf7c407c2cedff20999df2af8eb42d56 -> 
========================================================================
Received Prepare
Registering precompiled user dll's ...
Registered in 0.010387 seconds.
Begin MonoManager ReloadAssembly
Symbol file LoadedFromMemory doesn't match image D:\Usuarios\Nestor\Documentos\Escuela\Modular\Unity\Psicologica_WAIS\Library\PackageCache\com.unity.visualscripting@1.7.5\Editor\VisualScripting.Core\Dependencies\YamlDotNet\Unity.VisualScripting.YamlDotNet.dll
Symbol file LoadedFromMemory doesn't match image D:\Usuarios\Nestor\Documentos\Escuela\Modular\Unity\Psicologica_WAIS\Library\PackageCache\com.unity.visualscripting@1.7.5\Editor\VisualScripting.Core\Dependencies\DotNetZip\Unity.VisualScripting.IonicZip.dll
Native extension for WindowsStandalone target not found
Refreshing native plugins compatible for Editor in 0.80 ms, found 4 plugins.
Preloading 0 native plugins for Editor in 0.00 ms.
Mono: successfully reloaded assembly
- Completed reload, in  1.614 seconds
Domain Reload Profiling:
	ReloadAssembly (1615ms)
		BeginReloadAssembly (179ms)
			ExecutionOrderSort (0ms)
			DisableScriptedObjects (10ms)
			BackupInstance (0ms)
			ReleaseScriptingObjects (0ms)
			CreateAndSetChildDomain (55ms)
		EndReloadAssembly (1296ms)
			LoadAssemblies (103ms)
			RebuildTransferFunctionScriptingTraits (0ms)
			SetupTypeCache (332ms)
			ReleaseScriptCaches (3ms)
			RebuildScriptCaches (74ms)
			SetupLoadedEditorAssemblies (641ms)
				LogAssemblyErrors (0ms)
				InitializePlatformSupportModulesInManaged (18ms)
				SetLoadedEditorAssemblies (1ms)
				RefreshPlugins (1ms)
				BeforeProcessingInitializeOnLoad (102ms)
				ProcessInitializeOnLoadAttributes (473ms)
				ProcessInitializeOnLoadMethodAttributes (39ms)
				AfterProcessingInitializeOnLoad (8ms)
				EditorAssembliesLoaded (0ms)
			ExecutionOrderSort2 (0ms)
			AwakeInstancesAfterBackupRestoration (12ms)
Platform modules already initialized, skipping
Failed to load shader (instanceID 412, GUID dd89cf5b9246416f84610a006f916af7)
Failed to load shader (instanceID 414, GUID 14eb328de4b8eb245bb7cea29e4ac00b)
Failed to load shader (instanceID 416, GUID 68e6db2ebdc24f95958faec2be5558d6)
Failed to load shader (instanceID 418, GUID bc1ede39bf3643ee8e493720e4259791)
Failed to load shader (instanceID 408, GUID fe393ace9b354375a9cb14cdbbc28be4)
Failed to load shader (instanceID 410, GUID cf81c85f95fe47e1a27f6ae460cf182c)
Failed to load shader (instanceID 420, GUID 48bb5f55d8670e349b6e614913f9d910)
Failed to load shader (instanceID 422, GUID 85187c2149c549c5b33f0cdb02836b17)
Failed to load shader (instanceID 424, GUID 128e987d567d4e2c824d754223b3f3b0)
Failed to load shader (instanceID 432, GUID f7ada0af4f174f0694ca6a487b8f543d)
Failed to load shader (instanceID 428, GUID a02a7d8c237544f1962732b55a9aebf1)
Failed to load shader (instanceID 430, GUID c8d12adcee749c344b8117cf7c7eb912)
Failed to load shader (instanceID 426, GUID 1e3b057af24249748ff873be7fafee47)
Refreshing native plugins compatible for Editor in 0.80 ms, found 4 plugins.
Preloading 0 native plugins for Editor in 0.00 ms.
Unloading 3901 Unused Serialized files (Serialized files now loaded: 0)
Unloading 32 unused Assets / (191.1 KB). Loaded Objects now: 4419.
Memory consumption went from 154.1 MB to 153.9 MB.
Total: 5.839000 ms (FindLiveObjects: 0.335300 ms CreateObjectMapping: 0.253500 ms MarkObjects: 5.066400 ms  DeleteObjects: 0.181700 ms)

AssetImportParameters requested are different than current active one (requested -> active):
  custom:video-decoder-ogg-theora: a1e56fd34408186e4bbccfd4996cb3dc -> 
  custom:container-muxer-webm: aa71ff27fc2769a1b78a27578f13a17b -> 
  custom:container-demuxer-webm: 4f35f7cbe854078d1ac9338744f61a02 -> 
  custom:video-encoder-webm-vp8: eb34c28f22e8b96e1ab97ce403110664 -> 
  custom:video-codec-MediaFoundation-h265: 746d11721c4dcdbdad8f713fa42b33f4 -> 
  custom:audio-encoder-webm-vorbis: bf7c407c2cedff20999df2af8eb42d56 -> 
  custom:framework-win-MediaFoundation: 216162199b28c13a410421893ffa2e32 -> 
  custom:container-demuxer-ogg: 62fdf1f143b41e24485cea50d1cbac27 -> 
  custom:video-decoder-webm-vp8: 9c59270c3fd7afecdb556c50c9e8de78 -> 
  custom:audio-decoder-ogg-vorbis: bf7c407c2cedff20999df2af8eb42d56 -> 
========================================================================
Received Prepare
Registering precompiled user dll's ...
Registered in 0.005432 seconds.
Begin MonoManager ReloadAssembly
Symbol file LoadedFromMemory doesn't match image D:\Usuarios\Nestor\Documentos\Escuela\Modular\Unity\Psicologica_WAIS\Library\PackageCache\com.unity.visualscripting@1.7.5\Editor\VisualScripting.Core\Dependencies\YamlDotNet\Unity.VisualScripting.YamlDotNet.dll
Symbol file LoadedFromMemory doesn't match image D:\Usuarios\Nestor\Documentos\Escuela\Modular\Unity\Psicologica_WAIS\Library\PackageCache\com.unity.visualscripting@1.7.5\Editor\VisualScripting.Core\Dependencies\DotNetZip\Unity.VisualScripting.IonicZip.dll
Native extension for WindowsStandalone target not found
Refreshing native plugins compatible for Editor in 0.80 ms, found 4 plugins.
Preloading 0 native plugins for Editor in 0.00 ms.
Mono: successfully reloaded assembly
- Completed reload, in  1.461 seconds
Domain Reload Profiling:
	ReloadAssembly (1462ms)
		BeginReloadAssembly (167ms)
			ExecutionOrderSort (0ms)
			DisableScriptedObjects (13ms)
			BackupInstance (0ms)
			ReleaseScriptingObjects (0ms)
			CreateAndSetChildDomain (43ms)
		EndReloadAssembly (1153ms)
			LoadAssemblies (101ms)
			RebuildTransferFunctionScriptingTraits (0ms)
			SetupTypeCache (299ms)
			ReleaseScriptCaches (2ms)
			RebuildScriptCaches (52ms)
			SetupLoadedEditorAssemblies (572ms)
				LogAssemblyErrors (0ms)
				InitializePlatformSupportModulesInManaged (15ms)
				SetLoadedEditorAssemblies (1ms)
				RefreshPlugins (1ms)
				BeforeProcessingInitializeOnLoad (94ms)
				ProcessInitializeOnLoadAttributes (412ms)
				ProcessInitializeOnLoadMethodAttributes (41ms)
				AfterProcessingInitializeOnLoad (8ms)
				EditorAssembliesLoaded (0ms)
			ExecutionOrderSort2 (0ms)
			AwakeInstancesAfterBackupRestoration (15ms)
Platform modules already initialized, skipping
Failed to load shader (instanceID 412, GUID dd89cf5b9246416f84610a006f916af7)
Failed to load shader (instanceID 414, GUID 14eb328de4b8eb245bb7cea29e4ac00b)
Failed to load shader (instanceID 416, GUID 68e6db2ebdc24f95958faec2be5558d6)
Failed to load shader (instanceID 418, GUID bc1ede39bf3643ee8e493720e4259791)
Failed to load shader (instanceID 408, GUID fe393ace9b354375a9cb14cdbbc28be4)
Failed to load shader (instanceID 410, GUID cf81c85f95fe47e1a27f6ae460cf182c)
Failed to load shader (instanceID 420, GUID 48bb5f55d8670e349b6e614913f9d910)
Failed to load shader (instanceID 422, GUID 85187c2149c549c5b33f0cdb02836b17)
Failed to load shader (instanceID 424, GUID 128e987d567d4e2c824d754223b3f3b0)
Failed to load shader (instanceID 432, GUID f7ada0af4f174f0694ca6a487b8f543d)
Failed to load shader (instanceID 428, GUID a02a7d8c237544f1962732b55a9aebf1)
Failed to load shader (instanceID 430, GUID c8d12adcee749c344b8117cf7c7eb912)
Failed to load shader (instanceID 426, GUID 1e3b057af24249748ff873be7fafee47)
Refreshing native plugins compatible for Editor in 1.26 ms, found 4 plugins.
Preloading 0 native plugins for Editor in 0.00 ms.
Unloading 3901 Unused Serialized files (Serialized files now loaded: 0)
Unloading 32 unused Assets / (191.2 KB). Loaded Objects now: 4421.
Memory consumption went from 154.1 MB to 154.0 MB.
Total: 4.679100 ms (FindLiveObjects: 0.465400 ms CreateObjectMapping: 0.189300 ms MarkObjects: 3.839300 ms  DeleteObjects: 0.182300 ms)

AssetImportParameters requested are different than current active one (requested -> active):
  custom:video-decoder-ogg-theora: a1e56fd34408186e4bbccfd4996cb3dc -> 
  custom:container-muxer-webm: aa71ff27fc2769a1b78a27578f13a17b -> 
  custom:container-demuxer-webm: 4f35f7cbe854078d1ac9338744f61a02 -> 
  custom:video-encoder-webm-vp8: eb34c28f22e8b96e1ab97ce403110664 -> 
  custom:video-codec-MediaFoundation-h265: 746d11721c4dcdbdad8f713fa42b33f4 -> 
  custom:audio-encoder-webm-vorbis: bf7c407c2cedff20999df2af8eb42d56 -> 
  custom:framework-win-MediaFoundation: 216162199b28c13a410421893ffa2e32 -> 
  custom:container-demuxer-ogg: 62fdf1f143b41e24485cea50d1cbac27 -> 
  custom:video-decoder-webm-vp8: 9c59270c3fd7afecdb556c50c9e8de78 -> 
  custom:audio-decoder-ogg-vorbis: bf7c407c2cedff20999df2af8eb42d56 -> 
========================================================================
Received Prepare
Registering precompiled user dll's ...
Registered in 0.005345 seconds.
Begin MonoManager ReloadAssembly
Symbol file LoadedFromMemory doesn't match image D:\Usuarios\Nestor\Documentos\Escuela\Modular\Unity\Psicologica_WAIS\Library\PackageCache\com.unity.visualscripting@1.7.5\Editor\VisualScripting.Core\Dependencies\YamlDotNet\Unity.VisualScripting.YamlDotNet.dll
Symbol file LoadedFromMemory doesn't match image D:\Usuarios\Nestor\Documentos\Escuela\Modular\Unity\Psicologica_WAIS\Library\PackageCache\com.unity.visualscripting@1.7.5\Editor\VisualScripting.Core\Dependencies\DotNetZip\Unity.VisualScripting.IonicZip.dll
Native extension for WindowsStandalone target not found
Refreshing native plugins compatible for Editor in 1.36 ms, found 4 plugins.
Preloading 0 native plugins for Editor in 0.00 ms.
Mono: successfully reloaded assembly
- Completed reload, in  1.498 seconds
Domain Reload Profiling:
	ReloadAssembly (1499ms)
		BeginReloadAssembly (154ms)
			ExecutionOrderSort (0ms)
			DisableScriptedObjects (10ms)
			BackupInstance (0ms)
			ReleaseScriptingObjects (0ms)
			CreateAndSetChildDomain (43ms)
		EndReloadAssembly (1218ms)
			LoadAssemblies (104ms)
			RebuildTransferFunctionScriptingTraits (0ms)
			SetupTypeCache (306ms)
			ReleaseScriptCaches (2ms)
			RebuildScriptCaches (57ms)
			SetupLoadedEditorAssemblies (609ms)
				LogAssemblyErrors (0ms)
				InitializePlatformSupportModulesInManaged (16ms)
				SetLoadedEditorAssemblies (1ms)
				RefreshPlugins (1ms)
				BeforeProcessingInitializeOnLoad (98ms)
				ProcessInitializeOnLoadAttributes (441ms)
				ProcessInitializeOnLoadMethodAttributes (42ms)
				AfterProcessingInitializeOnLoad (9ms)
				EditorAssembliesLoaded (0ms)
			ExecutionOrderSort2 (0ms)
			AwakeInstancesAfterBackupRestoration (13ms)
Platform modules already initialized, skipping
Failed to load shader (instanceID 412, GUID dd89cf5b9246416f84610a006f916af7)
Failed to load shader (instanceID 414, GUID 14eb328de4b8eb245bb7cea29e4ac00b)
Failed to load shader (instanceID 416, GUID 68e6db2ebdc24f95958faec2be5558d6)
Failed to load shader (instanceID 418, GUID bc1ede39bf3643ee8e493720e4259791)
Failed to load shader (instanceID 408, GUID fe393ace9b354375a9cb14cdbbc28be4)
Failed to load shader (instanceID 410, GUID cf81c85f95fe47e1a27f6ae460cf182c)
Failed to load shader (instanceID 420, GUID 48bb5f55d8670e349b6e614913f9d910)
Failed to load shader (instanceID 422, GUID 85187c2149c549c5b33f0cdb02836b17)
Failed to load shader (instanceID 424, GUID 128e987d567d4e2c824d754223b3f3b0)
Failed to load shader (instanceID 432, GUID f7ada0af4f174f0694ca6a487b8f543d)
Failed to load shader (instanceID 428, GUID a02a7d8c237544f1962732b55a9aebf1)
Failed to load shader (instanceID 430, GUID c8d12adcee749c344b8117cf7c7eb912)
Failed to load shader (instanceID 426, GUID 1e3b057af24249748ff873be7fafee47)
Refreshing native plugins compatible for Editor in 0.84 ms, found 4 plugins.
Preloading 0 native plugins for Editor in 0.00 ms.
Unloading 3901 Unused Serialized files (Serialized files now loaded: 0)
Unloading 32 unused Assets / (191.2 KB). Loaded Objects now: 4423.
Memory consumption went from 154.1 MB to 154.0 MB.
Total: 5.643500 ms (FindLiveObjects: 0.448600 ms CreateObjectMapping: 0.351000 ms MarkObjects: 4.671600 ms  DeleteObjects: 0.170700 ms)

AssetImportParameters requested are different than current active one (requested -> active):
  custom:video-decoder-ogg-theora: a1e56fd34408186e4bbccfd4996cb3dc -> 
  custom:container-muxer-webm: aa71ff27fc2769a1b78a27578f13a17b -> 
  custom:container-demuxer-webm: 4f35f7cbe854078d1ac9338744f61a02 -> 
  custom:video-encoder-webm-vp8: eb34c28f22e8b96e1ab97ce403110664 -> 
  custom:video-codec-MediaFoundation-h265: 746d11721c4dcdbdad8f713fa42b33f4 -> 
  custom:audio-encoder-webm-vorbis: bf7c407c2cedff20999df2af8eb42d56 -> 
  custom:framework-win-MediaFoundation: 216162199b28c13a410421893ffa2e32 -> 
  custom:container-demuxer-ogg: 62fdf1f143b41e24485cea50d1cbac27 -> 
  custom:video-decoder-webm-vp8: 9c59270c3fd7afecdb556c50c9e8de78 -> 
  custom:audio-decoder-ogg-vorbis: bf7c407c2cedff20999df2af8eb42d56 -> 
========================================================================
Received Prepare
Registering precompiled user dll's ...
Registered in 0.006340 seconds.
Begin MonoManager ReloadAssembly
Symbol file LoadedFromMemory doesn't match image D:\Usuarios\Nestor\Documentos\Escuela\Modular\Unity\Psicologica_WAIS\Library\PackageCache\com.unity.visualscripting@1.7.5\Editor\VisualScripting.Core\Dependencies\YamlDotNet\Unity.VisualScripting.YamlDotNet.dll
Symbol file LoadedFromMemory doesn't match image D:\Usuarios\Nestor\Documentos\Escuela\Modular\Unity\Psicologica_WAIS\Library\PackageCache\com.unity.visualscripting@1.7.5\Editor\VisualScripting.Core\Dependencies\DotNetZip\Unity.VisualScripting.IonicZip.dll
Native extension for WindowsStandalone target not found
Refreshing native plugins compatible for Editor in 0.81 ms, found 4 plugins.
Preloading 0 native plugins for Editor in 0.00 ms.
Mono: successfully reloaded assembly
- Completed reload, in  1.529 seconds
Domain Reload Profiling:
	ReloadAssembly (1530ms)
		BeginReloadAssembly (186ms)
			ExecutionOrderSort (0ms)
			DisableScriptedObjects (12ms)
			BackupInstance (0ms)
			ReleaseScriptingObjects (0ms)
			CreateAndSetChildDomain (54ms)
		EndReloadAssembly (1203ms)
			LoadAssemblies (104ms)
			RebuildTransferFunctionScriptingTraits (0ms)
			SetupTypeCache (307ms)
			ReleaseScriptCaches (2ms)
			RebuildScriptCaches (55ms)
			SetupLoadedEditorAssemblies (596ms)
				LogAssemblyErrors (0ms)
				InitializePlatformSupportModulesInManaged (15ms)
				SetLoadedEditorAssemblies (1ms)
				RefreshPlugins (1ms)
				BeforeProcessingInitializeOnLoad (96ms)
				ProcessInitializeOnLoadAttributes (438ms)
				ProcessInitializeOnLoadMethodAttributes (39ms)
				AfterProcessingInitializeOnLoad (8ms)
				EditorAssembliesLoaded (0ms)
			ExecutionOrderSort2 (0ms)
			AwakeInstancesAfterBackupRestoration (12ms)
Platform modules already initialized, skipping
Failed to load shader (instanceID 412, GUID dd89cf5b9246416f84610a006f916af7)
Failed to load shader (instanceID 414, GUID 14eb328de4b8eb245bb7cea29e4ac00b)
Failed to load shader (instanceID 416, GUID 68e6db2ebdc24f95958faec2be5558d6)
Failed to load shader (instanceID 418, GUID bc1ede39bf3643ee8e493720e4259791)
Failed to load shader (instanceID 408, GUID fe393ace9b354375a9cb14cdbbc28be4)
Failed to load shader (instanceID 410, GUID cf81c85f95fe47e1a27f6ae460cf182c)
Failed to load shader (instanceID 420, GUID 48bb5f55d8670e349b6e614913f9d910)
Failed to load shader (instanceID 422, GUID 85187c2149c549c5b33f0cdb02836b17)
Failed to load shader (instanceID 424, GUID 128e987d567d4e2c824d754223b3f3b0)
Failed to load shader (instanceID 432, GUID f7ada0af4f174f0694ca6a487b8f543d)
Failed to load shader (instanceID 428, GUID a02a7d8c237544f1962732b55a9aebf1)
Failed to load shader (instanceID 430, GUID c8d12adcee749c344b8117cf7c7eb912)
Failed to load shader (instanceID 426, GUID 1e3b057af24249748ff873be7fafee47)
Refreshing native plugins compatible for Editor in 0.83 ms, found 4 plugins.
Preloading 0 native plugins for Editor in 0.00 ms.
Unloading 3901 Unused Serialized files (Serialized files now loaded: 0)
Unloading 32 unused Assets / (191.2 KB). Loaded Objects now: 4425.
Memory consumption went from 154.2 MB to 154.0 MB.
Total: 4.354700 ms (FindLiveObjects: 0.351400 ms CreateObjectMapping: 0.265200 ms MarkObjects: 3.549000 ms  DeleteObjects: 0.187100 ms)

AssetImportParameters requested are different than current active one (requested -> active):
  custom:video-decoder-ogg-theora: a1e56fd34408186e4bbccfd4996cb3dc -> 
  custom:container-muxer-webm: aa71ff27fc2769a1b78a27578f13a17b -> 
  custom:container-demuxer-webm: 4f35f7cbe854078d1ac9338744f61a02 -> 
  custom:video-encoder-webm-vp8: eb34c28f22e8b96e1ab97ce403110664 -> 
  custom:video-codec-MediaFoundation-h265: 746d11721c4dcdbdad8f713fa42b33f4 -> 
  custom:audio-encoder-webm-vorbis: bf7c407c2cedff20999df2af8eb42d56 -> 
  custom:framework-win-MediaFoundation: 216162199b28c13a410421893ffa2e32 -> 
  custom:container-demuxer-ogg: 62fdf1f143b41e24485cea50d1cbac27 -> 
  custom:video-decoder-webm-vp8: 9c59270c3fd7afecdb556c50c9e8de78 -> 
  custom:audio-decoder-ogg-vorbis: bf7c407c2cedff20999df2af8eb42d56 -> 
