Using pre-set license
Built from '2021.2/staging' branch; Version is '2021.2.4f1 (99ba6aa4c552) revision 10074730'; Using compiler version '192829333'; Build Type 'Release'
OS: 'Windows 10 Home; OS build 22621.1344; Version 2009; 64bit' Language: 'es' Physical Memory: 32605 MB
BatchMode: 1, IsHumanControllingUs: 0, StartBugReporterOnCrash: 0, Is64bit: 1, IsPro: 0

COMMAND LINE ARGUMENTS:
C:\Program Files\Unity\Hub\Editor\2021.2.4f1\Editor\Unity.exe
-adb2
-batchMode
-noUpm
-name
AssetImportWorker7
-projectPath
D:/Usuarios/Nestor/Documentos/Escuela/Modular/Unity/Psicologica_WAIS
-logFile
Logs/AssetImportWorker7.log
-srvPort
57258
Successfully changed project path to: D:/Usuarios/Nestor/Documentos/Escuela/Modular/Unity/Psicologica_WAIS
D:/Usuarios/Nestor/Documentos/Escuela/Modular/Unity/Psicologica_WAIS
[UnityMemory] Configuration Parameters - Can be set up in boot.config
    "memorysetup-bucket-allocator-granularity=16"
    "memorysetup-bucket-allocator-bucket-count=8"
    "memorysetup-bucket-allocator-block-size=33554432"
    "memorysetup-bucket-allocator-block-count=8"
    "memorysetup-main-allocator-block-size=16777216"
    "memorysetup-thread-allocator-block-size=16777216"
    "memorysetup-gfx-main-allocator-block-size=16777216"
    "memorysetup-gfx-thread-allocator-block-size=16777216"
    "memorysetup-cache-allocator-block-size=4194304"
    "memorysetup-typetree-allocator-block-size=2097152"
    "memorysetup-profiler-bucket-allocator-granularity=16"
    "memorysetup-profiler-bucket-allocator-bucket-count=8"
    "memorysetup-profiler-bucket-allocator-block-size=33554432"
    "memorysetup-profiler-bucket-allocator-block-count=8"
    "memorysetup-profiler-allocator-block-size=16777216"
    "memorysetup-profiler-editor-allocator-block-size=1048576"
    "memorysetup-temp-allocator-size-main=16777216"
    "memorysetup-job-temp-allocator-block-size=2097152"
    "memorysetup-job-temp-allocator-block-size-background=1048576"
    "memorysetup-job-temp-allocator-reduction-small-platforms=262144"
    "memorysetup-temp-allocator-size-background-worker=32768"
    "memorysetup-temp-allocator-size-job-worker=262144"
    "memorysetup-temp-allocator-size-preload-manager=33554432"
    "memorysetup-temp-allocator-size-nav-mesh-worker=65536"
    "memorysetup-temp-allocator-size-audio-worker=65536"
    "memorysetup-temp-allocator-size-cloud-worker=32768"
    "memorysetup-temp-allocator-size-gi-baking-worker=262144"
    "memorysetup-temp-allocator-size-gfx=262144"
Refreshing native plugins compatible for Editor in 240.63 ms, found 4 plugins.
Preloading 0 native plugins for Editor in 0.00 ms.
Initialize engine version: 2021.2.4f1 (99ba6aa4c552)
[Subsystems] Discovering subsystems at path C:/Program Files/Unity/Hub/Editor/2021.2.4f1/Editor/Data/Resources/UnitySubsystems
[Subsystems] Discovering subsystems at path D:/Usuarios/Nestor/Documentos/Escuela/Modular/Unity/Psicologica_WAIS/Assets
GfxDevice: creating device client; threaded=0; jobified=0
Direct3D:
    Version:  Direct3D 11.0 [level 11.1]
    Renderer: NVIDIA GeForce RTX 3060 Ti (ID=0x2489)
    Vendor:   NVIDIA
    VRAM:     8038 MB
    Driver:   31.0.15.2849
Initialize mono
Mono path[0] = 'C:/Program Files/Unity/Hub/Editor/2021.2.4f1/Editor/Data/Managed'
Mono path[1] = 'C:/Program Files/Unity/Hub/Editor/2021.2.4f1/Editor/Data/MonoBleedingEdge/lib/mono/unityjit-win32'
Mono config path = 'C:/Program Files/Unity/Hub/Editor/2021.2.4f1/Editor/Data/MonoBleedingEdge/etc'
Using monoOptions --debugger-agent=transport=dt_socket,embedding=1,server=y,suspend=n,address=127.0.0.1:56108
Begin MonoManager ReloadAssembly
Registering precompiled unity dll's ...
Register platform support module: C:/Program Files/Unity/Hub/Editor/2021.2.4f1/Editor/Data/PlaybackEngines/WindowsStandaloneSupport/UnityEditor.WindowsStandalone.Extensions.dll
Registered in 0.006970 seconds.
Native extension for WindowsStandalone target not found
Refreshing native plugins compatible for Editor in 242.85 ms, found 4 plugins.
Preloading 0 native plugins for Editor in 0.00 ms.
Mono: successfully reloaded assembly
- Completed reload, in  1.511 seconds
Domain Reload Profiling:
	ReloadAssembly (1512ms)
		BeginReloadAssembly (187ms)
			ExecutionOrderSort (0ms)
			DisableScriptedObjects (0ms)
			BackupInstance (0ms)
			ReleaseScriptingObjects (0ms)
			CreateAndSetChildDomain (1ms)
		EndReloadAssembly (1147ms)
			LoadAssemblies (183ms)
			RebuildTransferFunctionScriptingTraits (0ms)
			SetupTypeCache (261ms)
			ReleaseScriptCaches (0ms)
			RebuildScriptCaches (63ms)
			SetupLoadedEditorAssemblies (714ms)
				LogAssemblyErrors (0ms)
				InitializePlatformSupportModulesInManaged (45ms)
				SetLoadedEditorAssemblies (0ms)
				RefreshPlugins (243ms)
				BeforeProcessingInitializeOnLoad (2ms)
				ProcessInitializeOnLoadAttributes (319ms)
				ProcessInitializeOnLoadMethodAttributes (106ms)
				AfterProcessingInitializeOnLoad (0ms)
				EditorAssembliesLoaded (0ms)
			ExecutionOrderSort2 (0ms)
			AwakeInstancesAfterBackupRestoration (0ms)
Platform modules already initialized, skipping
Registering precompiled user dll's ...
Registered in 0.013106 seconds.
Begin MonoManager ReloadAssembly
Symbol file LoadedFromMemory doesn't match image D:\Usuarios\Nestor\Documentos\Escuela\Modular\Unity\Psicologica_WAIS\Library\PackageCache\com.unity.visualscripting@1.7.5\Editor\VisualScripting.Core\Dependencies\YamlDotNet\Unity.VisualScripting.YamlDotNet.dll
Symbol file LoadedFromMemory doesn't match image D:\Usuarios\Nestor\Documentos\Escuela\Modular\Unity\Psicologica_WAIS\Library\PackageCache\com.unity.visualscripting@1.7.5\Editor\VisualScripting.Core\Dependencies\DotNetZip\Unity.VisualScripting.IonicZip.dll
Native extension for WindowsStandalone target not found
Refreshing native plugins compatible for Editor in 249.68 ms, found 4 plugins.
Preloading 0 native plugins for Editor in 0.00 ms.
Mono: successfully reloaded assembly
- Completed reload, in  4.711 seconds
Domain Reload Profiling:
	ReloadAssembly (4713ms)
		BeginReloadAssembly (421ms)
			ExecutionOrderSort (0ms)
			DisableScriptedObjects (13ms)
			BackupInstance (0ms)
			ReleaseScriptingObjects (0ms)
			CreateAndSetChildDomain (49ms)
		EndReloadAssembly (4059ms)
			LoadAssemblies (218ms)
			RebuildTransferFunctionScriptingTraits (0ms)
			SetupTypeCache (721ms)
			ReleaseScriptCaches (2ms)
			RebuildScriptCaches (176ms)
			SetupLoadedEditorAssemblies (2669ms)
				LogAssemblyErrors (0ms)
				InitializePlatformSupportModulesInManaged (28ms)
				SetLoadedEditorAssemblies (0ms)
				RefreshPlugins (250ms)
				BeforeProcessingInitializeOnLoad (255ms)
				ProcessInitializeOnLoadAttributes (2026ms)
				ProcessInitializeOnLoadMethodAttributes (95ms)
				AfterProcessingInitializeOnLoad (15ms)
				EditorAssembliesLoaded (0ms)
			ExecutionOrderSort2 (0ms)
			AwakeInstancesAfterBackupRestoration (13ms)
Platform modules already initialized, skipping
========================================================================
Worker process is ready to serve import requests
Failed to load shader (instanceID 412, GUID dd89cf5b9246416f84610a006f916af7)
Failed to load shader (instanceID 414, GUID 14eb328de4b8eb245bb7cea29e4ac00b)
Failed to load shader (instanceID 416, GUID 68e6db2ebdc24f95958faec2be5558d6)
Failed to load shader (instanceID 418, GUID bc1ede39bf3643ee8e493720e4259791)
Failed to load shader (instanceID 408, GUID fe393ace9b354375a9cb14cdbbc28be4)
Failed to load shader (instanceID 410, GUID cf81c85f95fe47e1a27f6ae460cf182c)
Failed to load shader (instanceID 420, GUID 48bb5f55d8670e349b6e614913f9d910)
Failed to load shader (instanceID 422, GUID 85187c2149c549c5b33f0cdb02836b17)
Failed to load shader (instanceID 424, GUID 128e987d567d4e2c824d754223b3f3b0)
Failed to load shader (instanceID 432, GUID f7ada0af4f174f0694ca6a487b8f543d)
Failed to load shader (instanceID 428, GUID a02a7d8c237544f1962732b55a9aebf1)
Failed to load shader (instanceID 430, GUID c8d12adcee749c344b8117cf7c7eb912)
Failed to load shader (instanceID 426, GUID 1e3b057af24249748ff873be7fafee47)
Launched and connected shader compiler UnityShaderCompiler.exe after 0.12 seconds
Refreshing native plugins compatible for Editor in 1.64 ms, found 4 plugins.
Preloading 0 native plugins for Editor in 0.00 ms.
Unloading 3909 Unused Serialized files (Serialized files now loaded: 0)
Unloading 43 unused Assets / (224.5 KB). Loaded Objects now: 4359.
Memory consumption went from 149.7 MB to 149.5 MB.
Total: 12.361400 ms (FindLiveObjects: 0.536800 ms CreateObjectMapping: 0.247200 ms MarkObjects: 11.337700 ms  DeleteObjects: 0.237500 ms)

AssetImportParameters requested are different than current active one (requested -> active):
  custom:video-decoder-ogg-theora: a1e56fd34408186e4bbccfd4996cb3dc -> 
  custom:container-muxer-webm: aa71ff27fc2769a1b78a27578f13a17b -> 
  custom:container-demuxer-webm: 4f35f7cbe854078d1ac9338744f61a02 -> 
  custom:video-encoder-webm-vp8: eb34c28f22e8b96e1ab97ce403110664 -> 
  custom:video-codec-MediaFoundation-h265: 746d11721c4dcdbdad8f713fa42b33f4 -> 
  custom:audio-encoder-webm-vorbis: bf7c407c2cedff20999df2af8eb42d56 -> 
  custom:framework-win-MediaFoundation: 216162199b28c13a410421893ffa2e32 -> 
  custom:container-demuxer-ogg: 62fdf1f143b41e24485cea50d1cbac27 -> 
  custom:video-decoder-webm-vp8: 9c59270c3fd7afecdb556c50c9e8de78 -> 
  custom:audio-decoder-ogg-vorbis: bf7c407c2cedff20999df2af8eb42d56 -> 
========================================================================
Received Import Request.
  Time since last request: 117858.931849 seconds.
  path: Assets/MisTexturas/Pruebas/ClaveDeNumeros/Dropdawn/05.png
  artifactKey: Guid(87d155e5644b5094ab5bcae0e1331db3) Importer(815301076,1909f56bfc062723c751e8b465ee728b)
Start importing Assets/MisTexturas/Pruebas/ClaveDeNumeros/Dropdawn/05.png using Guid(87d155e5644b5094ab5bcae0e1331db3) Importer(815301076,1909f56bfc062723c751e8b465ee728b)  -> (artifact id: 'f055b7bb83f8f17899f0d14203371f77') in 0.358694 seconds 
========================================================================
Received Import Request.
  Time since last request: 0.000041 seconds.
  path: Assets/MisTexturas/Pruebas/ClaveDeNumeros/Dropdawn/00.png
  artifactKey: Guid(6d7e1655ab2c0c145b66d95c8457d442) Importer(815301076,1909f56bfc062723c751e8b465ee728b)
Start importing Assets/MisTexturas/Pruebas/ClaveDeNumeros/Dropdawn/00.png using Guid(6d7e1655ab2c0c145b66d95c8457d442) Importer(815301076,1909f56bfc062723c751e8b465ee728b)  -> (artifact id: '8fd52830d2b042517f1945f71faadf25') in 0.040932 seconds 
========================================================================
Received Import Request.
  Time since last request: 0.000076 seconds.
  path: Assets/MisTexturas/Pruebas/ClaveDeNumeros/Dropdawn/04.png
  artifactKey: Guid(e921702f1e14adb429e561f92bf91de3) Importer(815301076,1909f56bfc062723c751e8b465ee728b)
Start importing Assets/MisTexturas/Pruebas/ClaveDeNumeros/Dropdawn/04.png using Guid(e921702f1e14adb429e561f92bf91de3) Importer(815301076,1909f56bfc062723c751e8b465ee728b)  -> (artifact id: '1b68599853fe3b459558666f3abd29f3') in 0.054390 seconds 
========================================================================
Received Import Request.
  Time since last request: 0.000032 seconds.
  path: Assets/MisTexturas/Pruebas/ClaveDeNumeros/Dropdawn/06.png
  artifactKey: Guid(f686ecd7c2db9654eaefe83cbd67935d) Importer(815301076,1909f56bfc062723c751e8b465ee728b)
Start importing Assets/MisTexturas/Pruebas/ClaveDeNumeros/Dropdawn/06.png using Guid(f686ecd7c2db9654eaefe83cbd67935d) Importer(815301076,1909f56bfc062723c751e8b465ee728b)  -> (artifact id: '272d3ff1fc54df139b464a5bab56b855') in 0.049878 seconds 
========================================================================
Received Prepare
Registering precompiled user dll's ...
Registered in 0.005096 seconds.
Begin MonoManager ReloadAssembly
Symbol file LoadedFromMemory doesn't match image D:\Usuarios\Nestor\Documentos\Escuela\Modular\Unity\Psicologica_WAIS\Library\PackageCache\com.unity.visualscripting@1.7.5\Editor\VisualScripting.Core\Dependencies\YamlDotNet\Unity.VisualScripting.YamlDotNet.dll
Symbol file LoadedFromMemory doesn't match image D:\Usuarios\Nestor\Documentos\Escuela\Modular\Unity\Psicologica_WAIS\Library\PackageCache\com.unity.visualscripting@1.7.5\Editor\VisualScripting.Core\Dependencies\DotNetZip\Unity.VisualScripting.IonicZip.dll
Native extension for WindowsStandalone target not found
Refreshing native plugins compatible for Editor in 1.08 ms, found 4 plugins.
Preloading 0 native plugins for Editor in 0.00 ms.
Mono: successfully reloaded assembly
- Completed reload, in  2.394 seconds
Domain Reload Profiling:
	ReloadAssembly (2395ms)
		BeginReloadAssembly (270ms)
			ExecutionOrderSort (0ms)
			DisableScriptedObjects (9ms)
			BackupInstance (0ms)
			ReleaseScriptingObjects (0ms)
			CreateAndSetChildDomain (81ms)
		EndReloadAssembly (1936ms)
			LoadAssemblies (154ms)
			RebuildTransferFunctionScriptingTraits (0ms)
			SetupTypeCache (490ms)
			ReleaseScriptCaches (10ms)
			RebuildScriptCaches (110ms)
			SetupLoadedEditorAssemblies (940ms)
				LogAssemblyErrors (0ms)
				InitializePlatformSupportModulesInManaged (25ms)
				SetLoadedEditorAssemblies (1ms)
				RefreshPlugins (1ms)
				BeforeProcessingInitializeOnLoad (157ms)
				ProcessInitializeOnLoadAttributes (669ms)
				ProcessInitializeOnLoadMethodAttributes (72ms)
				AfterProcessingInitializeOnLoad (15ms)
				EditorAssembliesLoaded (0ms)
			ExecutionOrderSort2 (0ms)
			AwakeInstancesAfterBackupRestoration (30ms)
Platform modules already initialized, skipping
Failed to load shader (instanceID 412, GUID dd89cf5b9246416f84610a006f916af7)
Failed to load shader (instanceID 414, GUID 14eb328de4b8eb245bb7cea29e4ac00b)
Failed to load shader (instanceID 416, GUID 68e6db2ebdc24f95958faec2be5558d6)
Failed to load shader (instanceID 418, GUID bc1ede39bf3643ee8e493720e4259791)
Failed to load shader (instanceID 408, GUID fe393ace9b354375a9cb14cdbbc28be4)
Failed to load shader (instanceID 410, GUID cf81c85f95fe47e1a27f6ae460cf182c)
Failed to load shader (instanceID 420, GUID 48bb5f55d8670e349b6e614913f9d910)
Failed to load shader (instanceID 422, GUID 85187c2149c549c5b33f0cdb02836b17)
Failed to load shader (instanceID 424, GUID 128e987d567d4e2c824d754223b3f3b0)
Failed to load shader (instanceID 432, GUID f7ada0af4f174f0694ca6a487b8f543d)
Failed to load shader (instanceID 428, GUID a02a7d8c237544f1962732b55a9aebf1)
Failed to load shader (instanceID 430, GUID c8d12adcee749c344b8117cf7c7eb912)
Failed to load shader (instanceID 426, GUID 1e3b057af24249748ff873be7fafee47)
Refreshing native plugins compatible for Editor in 4.74 ms, found 4 plugins.
Preloading 0 native plugins for Editor in 0.00 ms.
Unloading 3908 Unused Serialized files (Serialized files now loaded: 0)
Unloading 32 unused Assets / (191.6 KB). Loaded Objects now: 4432.
Memory consumption went from 158.4 MB to 158.2 MB.
Total: 5.370500 ms (FindLiveObjects: 0.702000 ms CreateObjectMapping: 0.377100 ms MarkObjects: 4.080200 ms  DeleteObjects: 0.208900 ms)

AssetImportParameters requested are different than current active one (requested -> active):
  custom:video-decoder-ogg-theora: a1e56fd34408186e4bbccfd4996cb3dc -> 
  custom:container-muxer-webm: aa71ff27fc2769a1b78a27578f13a17b -> 
  custom:container-demuxer-webm: 4f35f7cbe854078d1ac9338744f61a02 -> 
  custom:video-encoder-webm-vp8: eb34c28f22e8b96e1ab97ce403110664 -> 
  custom:video-codec-MediaFoundation-h265: 746d11721c4dcdbdad8f713fa42b33f4 -> 
  custom:audio-encoder-webm-vorbis: bf7c407c2cedff20999df2af8eb42d56 -> 
  custom:framework-win-MediaFoundation: 216162199b28c13a410421893ffa2e32 -> 
  custom:container-demuxer-ogg: 62fdf1f143b41e24485cea50d1cbac27 -> 
  custom:video-decoder-webm-vp8: 9c59270c3fd7afecdb556c50c9e8de78 -> 
  custom:audio-decoder-ogg-vorbis: bf7c407c2cedff20999df2af8eb42d56 -> 
========================================================================
Received Prepare
Registering precompiled user dll's ...
Registered in 0.009165 seconds.
Begin MonoManager ReloadAssembly
Symbol file LoadedFromMemory doesn't match image D:\Usuarios\Nestor\Documentos\Escuela\Modular\Unity\Psicologica_WAIS\Library\PackageCache\com.unity.visualscripting@1.7.5\Editor\VisualScripting.Core\Dependencies\YamlDotNet\Unity.VisualScripting.YamlDotNet.dll
Symbol file LoadedFromMemory doesn't match image D:\Usuarios\Nestor\Documentos\Escuela\Modular\Unity\Psicologica_WAIS\Library\PackageCache\com.unity.visualscripting@1.7.5\Editor\VisualScripting.Core\Dependencies\DotNetZip\Unity.VisualScripting.IonicZip.dll
Native extension for WindowsStandalone target not found
Refreshing native plugins compatible for Editor in 1.09 ms, found 4 plugins.
Preloading 0 native plugins for Editor in 0.00 ms.
Mono: successfully reloaded assembly
- Completed reload, in  2.234 seconds
Domain Reload Profiling:
	ReloadAssembly (2235ms)
		BeginReloadAssembly (228ms)
			ExecutionOrderSort (0ms)
			DisableScriptedObjects (18ms)
			BackupInstance (0ms)
			ReleaseScriptingObjects (0ms)
			CreateAndSetChildDomain (70ms)
		EndReloadAssembly (1805ms)
			LoadAssemblies (135ms)
			RebuildTransferFunctionScriptingTraits (0ms)
			SetupTypeCache (467ms)
			ReleaseScriptCaches (8ms)
			RebuildScriptCaches (86ms)
			SetupLoadedEditorAssemblies (882ms)
				LogAssemblyErrors (0ms)
				InitializePlatformSupportModulesInManaged (20ms)
				SetLoadedEditorAssemblies (5ms)
				RefreshPlugins (1ms)
				BeforeProcessingInitializeOnLoad (139ms)
				ProcessInitializeOnLoadAttributes (629ms)
				ProcessInitializeOnLoadMethodAttributes (73ms)
				AfterProcessingInitializeOnLoad (15ms)
				EditorAssembliesLoaded (0ms)
			ExecutionOrderSort2 (0ms)
			AwakeInstancesAfterBackupRestoration (30ms)
Platform modules already initialized, skipping
Failed to load shader (instanceID 412, GUID dd89cf5b9246416f84610a006f916af7)
Failed to load shader (instanceID 414, GUID 14eb328de4b8eb245bb7cea29e4ac00b)
Failed to load shader (instanceID 416, GUID 68e6db2ebdc24f95958faec2be5558d6)
Failed to load shader (instanceID 418, GUID bc1ede39bf3643ee8e493720e4259791)
Failed to load shader (instanceID 408, GUID fe393ace9b354375a9cb14cdbbc28be4)
Failed to load shader (instanceID 410, GUID cf81c85f95fe47e1a27f6ae460cf182c)
Failed to load shader (instanceID 420, GUID 48bb5f55d8670e349b6e614913f9d910)
Failed to load shader (instanceID 422, GUID 85187c2149c549c5b33f0cdb02836b17)
Failed to load shader (instanceID 424, GUID 128e987d567d4e2c824d754223b3f3b0)
Failed to load shader (instanceID 432, GUID f7ada0af4f174f0694ca6a487b8f543d)
Failed to load shader (instanceID 428, GUID a02a7d8c237544f1962732b55a9aebf1)
Failed to load shader (instanceID 430, GUID c8d12adcee749c344b8117cf7c7eb912)
Failed to load shader (instanceID 426, GUID 1e3b057af24249748ff873be7fafee47)
Refreshing native plugins compatible for Editor in 1.12 ms, found 4 plugins.
Preloading 0 native plugins for Editor in 0.00 ms.
Unloading 3904 Unused Serialized files (Serialized files now loaded: 0)
Unloading 32 unused Assets / (191.5 KB). Loaded Objects now: 4434.
Memory consumption went from 158.2 MB to 158.0 MB.
Total: 13.810700 ms (FindLiveObjects: 0.392800 ms CreateObjectMapping: 0.181500 ms MarkObjects: 5.175200 ms  DeleteObjects: 8.056800 ms)

AssetImportParameters requested are different than current active one (requested -> active):
  custom:video-decoder-ogg-theora: a1e56fd34408186e4bbccfd4996cb3dc -> 
  custom:container-muxer-webm: aa71ff27fc2769a1b78a27578f13a17b -> 
  custom:container-demuxer-webm: 4f35f7cbe854078d1ac9338744f61a02 -> 
  custom:video-encoder-webm-vp8: eb34c28f22e8b96e1ab97ce403110664 -> 
  custom:video-codec-MediaFoundation-h265: 746d11721c4dcdbdad8f713fa42b33f4 -> 
  custom:audio-encoder-webm-vorbis: bf7c407c2cedff20999df2af8eb42d56 -> 
  custom:framework-win-MediaFoundation: 216162199b28c13a410421893ffa2e32 -> 
  custom:container-demuxer-ogg: 62fdf1f143b41e24485cea50d1cbac27 -> 
  custom:video-decoder-webm-vp8: 9c59270c3fd7afecdb556c50c9e8de78 -> 
  custom:audio-decoder-ogg-vorbis: bf7c407c2cedff20999df2af8eb42d56 -> 
========================================================================
Received Prepare
Registering precompiled user dll's ...
Registered in 0.005651 seconds.
Begin MonoManager ReloadAssembly
Symbol file LoadedFromMemory doesn't match image D:\Usuarios\Nestor\Documentos\Escuela\Modular\Unity\Psicologica_WAIS\Library\PackageCache\com.unity.visualscripting@1.7.5\Editor\VisualScripting.Core\Dependencies\YamlDotNet\Unity.VisualScripting.YamlDotNet.dll
Symbol file LoadedFromMemory doesn't match image D:\Usuarios\Nestor\Documentos\Escuela\Modular\Unity\Psicologica_WAIS\Library\PackageCache\com.unity.visualscripting@1.7.5\Editor\VisualScripting.Core\Dependencies\DotNetZip\Unity.VisualScripting.IonicZip.dll
Native extension for WindowsStandalone target not found
Refreshing native plugins compatible for Editor in 1.06 ms, found 4 plugins.
Preloading 0 native plugins for Editor in 0.00 ms.
Mono: successfully reloaded assembly
- Completed reload, in  2.448 seconds
Domain Reload Profiling:
	ReloadAssembly (3072ms)
		BeginReloadAssembly (891ms)
			ExecutionOrderSort (0ms)
			DisableScriptedObjects (19ms)
			BackupInstance (0ms)
			ReleaseScriptingObjects (0ms)
			CreateAndSetChildDomain (79ms)
		EndReloadAssembly (2009ms)
			LoadAssemblies (162ms)
			RebuildTransferFunctionScriptingTraits (0ms)
			SetupTypeCache (445ms)
			ReleaseScriptCaches (2ms)
			RebuildScriptCaches (77ms)
			SetupLoadedEditorAssemblies (1097ms)
				LogAssemblyErrors (0ms)
				InitializePlatformSupportModulesInManaged (25ms)
				SetLoadedEditorAssemblies (1ms)
				RefreshPlugins (1ms)
				BeforeProcessingInitializeOnLoad (129ms)
				ProcessInitializeOnLoadAttributes (859ms)
				ProcessInitializeOnLoadMethodAttributes (67ms)
				AfterProcessingInitializeOnLoad (14ms)
				EditorAssembliesLoaded (0ms)
			ExecutionOrderSort2 (0ms)
			AwakeInstancesAfterBackupRestoration (29ms)
Platform modules already initialized, skipping
Failed to load shader (instanceID 412, GUID dd89cf5b9246416f84610a006f916af7)
Failed to load shader (instanceID 414, GUID 14eb328de4b8eb245bb7cea29e4ac00b)
Failed to load shader (instanceID 416, GUID 68e6db2ebdc24f95958faec2be5558d6)
Failed to load shader (instanceID 418, GUID bc1ede39bf3643ee8e493720e4259791)
Failed to load shader (instanceID 408, GUID fe393ace9b354375a9cb14cdbbc28be4)
Failed to load shader (instanceID 410, GUID cf81c85f95fe47e1a27f6ae460cf182c)
Failed to load shader (instanceID 420, GUID 48bb5f55d8670e349b6e614913f9d910)
Failed to load shader (instanceID 422, GUID 85187c2149c549c5b33f0cdb02836b17)
Failed to load shader (instanceID 424, GUID 128e987d567d4e2c824d754223b3f3b0)
Failed to load shader (instanceID 432, GUID f7ada0af4f174f0694ca6a487b8f543d)
Failed to load shader (instanceID 428, GUID a02a7d8c237544f1962732b55a9aebf1)
Failed to load shader (instanceID 430, GUID c8d12adcee749c344b8117cf7c7eb912)
Failed to load shader (instanceID 426, GUID 1e3b057af24249748ff873be7fafee47)
Refreshing native plugins compatible for Editor in 1.45 ms, found 4 plugins.
Preloading 0 native plugins for Editor in 0.00 ms.
Unloading 3904 Unused Serialized files (Serialized files now loaded: 0)
Unloading 32 unused Assets / (191.5 KB). Loaded Objects now: 4436.
Memory consumption went from 158.2 MB to 158.0 MB.
Total: 4.221200 ms (FindLiveObjects: 0.396000 ms CreateObjectMapping: 0.210900 ms MarkObjects: 3.414300 ms  DeleteObjects: 0.197600 ms)

AssetImportParameters requested are different than current active one (requested -> active):
  custom:video-decoder-ogg-theora: a1e56fd34408186e4bbccfd4996cb3dc -> 
  custom:container-muxer-webm: aa71ff27fc2769a1b78a27578f13a17b -> 
  custom:container-demuxer-webm: 4f35f7cbe854078d1ac9338744f61a02 -> 
  custom:video-encoder-webm-vp8: eb34c28f22e8b96e1ab97ce403110664 -> 
  custom:video-codec-MediaFoundation-h265: 746d11721c4dcdbdad8f713fa42b33f4 -> 
  custom:audio-encoder-webm-vorbis: bf7c407c2cedff20999df2af8eb42d56 -> 
  custom:framework-win-MediaFoundation: 216162199b28c13a410421893ffa2e32 -> 
  custom:container-demuxer-ogg: 62fdf1f143b41e24485cea50d1cbac27 -> 
  custom:video-decoder-webm-vp8: 9c59270c3fd7afecdb556c50c9e8de78 -> 
  custom:audio-decoder-ogg-vorbis: bf7c407c2cedff20999df2af8eb42d56 -> 
========================================================================
Received Prepare
Registering precompiled user dll's ...
Registered in 0.011406 seconds.
Begin MonoManager ReloadAssembly
Symbol file LoadedFromMemory doesn't match image D:\Usuarios\Nestor\Documentos\Escuela\Modular\Unity\Psicologica_WAIS\Library\PackageCache\com.unity.visualscripting@1.7.5\Editor\VisualScripting.Core\Dependencies\YamlDotNet\Unity.VisualScripting.YamlDotNet.dll
Symbol file LoadedFromMemory doesn't match image D:\Usuarios\Nestor\Documentos\Escuela\Modular\Unity\Psicologica_WAIS\Library\PackageCache\com.unity.visualscripting@1.7.5\Editor\VisualScripting.Core\Dependencies\DotNetZip\Unity.VisualScripting.IonicZip.dll
Native extension for WindowsStandalone target not found
Refreshing native plugins compatible for Editor in 0.95 ms, found 4 plugins.
Preloading 0 native plugins for Editor in 0.00 ms.
Mono: successfully reloaded assembly
- Completed reload, in  2.175 seconds
Domain Reload Profiling:
	ReloadAssembly (2176ms)
		BeginReloadAssembly (228ms)
			ExecutionOrderSort (0ms)
			DisableScriptedObjects (13ms)
			BackupInstance (0ms)
			ReleaseScriptingObjects (0ms)
			CreateAndSetChildDomain (66ms)
		EndReloadAssembly (1772ms)
			LoadAssemblies (152ms)
			RebuildTransferFunctionScriptingTraits (0ms)
			SetupTypeCache (447ms)
			ReleaseScriptCaches (2ms)
			RebuildScriptCaches (94ms)
			SetupLoadedEditorAssemblies (837ms)
				LogAssemblyErrors (0ms)
				InitializePlatformSupportModulesInManaged (25ms)
				SetLoadedEditorAssemblies (1ms)
				RefreshPlugins (1ms)
				BeforeProcessingInitializeOnLoad (134ms)
				ProcessInitializeOnLoadAttributes (594ms)
				ProcessInitializeOnLoadMethodAttributes (71ms)
				AfterProcessingInitializeOnLoad (10ms)
				EditorAssembliesLoaded (0ms)
			ExecutionOrderSort2 (0ms)
			AwakeInstancesAfterBackupRestoration (28ms)
Platform modules already initialized, skipping
Failed to load shader (instanceID 412, GUID dd89cf5b9246416f84610a006f916af7)
Failed to load shader (instanceID 414, GUID 14eb328de4b8eb245bb7cea29e4ac00b)
Failed to load shader (instanceID 416, GUID 68e6db2ebdc24f95958faec2be5558d6)
Failed to load shader (instanceID 418, GUID bc1ede39bf3643ee8e493720e4259791)
Failed to load shader (instanceID 408, GUID fe393ace9b354375a9cb14cdbbc28be4)
Failed to load shader (instanceID 410, GUID cf81c85f95fe47e1a27f6ae460cf182c)
Failed to load shader (instanceID 420, GUID 48bb5f55d8670e349b6e614913f9d910)
Failed to load shader (instanceID 422, GUID 85187c2149c549c5b33f0cdb02836b17)
Failed to load shader (instanceID 424, GUID 128e987d567d4e2c824d754223b3f3b0)
Failed to load shader (instanceID 432, GUID f7ada0af4f174f0694ca6a487b8f543d)
Failed to load shader (instanceID 428, GUID a02a7d8c237544f1962732b55a9aebf1)
Failed to load shader (instanceID 430, GUID c8d12adcee749c344b8117cf7c7eb912)
Failed to load shader (instanceID 426, GUID 1e3b057af24249748ff873be7fafee47)
Refreshing native plugins compatible for Editor in 1.09 ms, found 4 plugins.
Preloading 0 native plugins for Editor in 0.00 ms.
Unloading 3904 Unused Serialized files (Serialized files now loaded: 0)
Unloading 32 unused Assets / (191.1 KB). Loaded Objects now: 4438.
Memory consumption went from 158.2 MB to 158.1 MB.
Total: 4.296900 ms (FindLiveObjects: 0.394000 ms CreateObjectMapping: 0.207900 ms MarkObjects: 3.510000 ms  DeleteObjects: 0.182700 ms)

AssetImportParameters requested are different than current active one (requested -> active):
  custom:video-decoder-ogg-theora: a1e56fd34408186e4bbccfd4996cb3dc -> 
  custom:container-muxer-webm: aa71ff27fc2769a1b78a27578f13a17b -> 
  custom:container-demuxer-webm: 4f35f7cbe854078d1ac9338744f61a02 -> 
  custom:video-encoder-webm-vp8: eb34c28f22e8b96e1ab97ce403110664 -> 
  custom:video-codec-MediaFoundation-h265: 746d11721c4dcdbdad8f713fa42b33f4 -> 
  custom:audio-encoder-webm-vorbis: bf7c407c2cedff20999df2af8eb42d56 -> 
  custom:framework-win-MediaFoundation: 216162199b28c13a410421893ffa2e32 -> 
  custom:container-demuxer-ogg: 62fdf1f143b41e24485cea50d1cbac27 -> 
  custom:video-decoder-webm-vp8: 9c59270c3fd7afecdb556c50c9e8de78 -> 
  custom:audio-decoder-ogg-vorbis: bf7c407c2cedff20999df2af8eb42d56 -> 
