Using pre-set license
Built from '2021.2/staging' branch; Version is '2021.2.4f1 (99ba6aa4c552) revision 10074730'; Using compiler version '192829333'; Build Type 'Release'
OS: 'Windows 10 Home; OS build 22621.1194; Version 2009; 64bit' Language: 'es' Physical Memory: 32605 MB
BatchMode: 1, IsHumanControllingUs: 0, StartBugReporterOnCrash: 0, Is64bit: 1, IsPro: 0

COMMAND LINE ARGUMENTS:
C:\Program Files\Unity\Hub\Editor\2021.2.4f1\Editor\Unity.exe
-adb2
-batchMode
-noUpm
-name
AssetImportWorker0
-projectPath
D:/Usuarios/Nestor/Documentos/Escuela/Modular/Unity/Psicologica_WAIS
-logFile
Logs/AssetImportWorker0.log
-srvPort
55301
Successfully changed project path to: D:/Usuarios/Nestor/Documentos/Escuela/Modular/Unity/Psicologica_WAIS
D:/Usuarios/Nestor/Documentos/Escuela/Modular/Unity/Psicologica_WAIS
[UnityMemory] Configuration Parameters - Can be set up in boot.config
    "memorysetup-bucket-allocator-granularity=16"
    "memorysetup-bucket-allocator-bucket-count=8"
    "memorysetup-bucket-allocator-block-size=33554432"
    "memorysetup-bucket-allocator-block-count=8"
    "memorysetup-main-allocator-block-size=16777216"
    "memorysetup-thread-allocator-block-size=16777216"
    "memorysetup-gfx-main-allocator-block-size=16777216"
    "memorysetup-gfx-thread-allocator-block-size=16777216"
    "memorysetup-cache-allocator-block-size=4194304"
    "memorysetup-typetree-allocator-block-size=2097152"
    "memorysetup-profiler-bucket-allocator-granularity=16"
    "memorysetup-profiler-bucket-allocator-bucket-count=8"
    "memorysetup-profiler-bucket-allocator-block-size=33554432"
    "memorysetup-profiler-bucket-allocator-block-count=8"
    "memorysetup-profiler-allocator-block-size=16777216"
    "memorysetup-profiler-editor-allocator-block-size=1048576"
    "memorysetup-temp-allocator-size-main=16777216"
    "memorysetup-job-temp-allocator-block-size=2097152"
    "memorysetup-job-temp-allocator-block-size-background=1048576"
    "memorysetup-job-temp-allocator-reduction-small-platforms=262144"
    "memorysetup-temp-allocator-size-background-worker=32768"
    "memorysetup-temp-allocator-size-job-worker=262144"
    "memorysetup-temp-allocator-size-preload-manager=33554432"
    "memorysetup-temp-allocator-size-nav-mesh-worker=65536"
    "memorysetup-temp-allocator-size-audio-worker=65536"
    "memorysetup-temp-allocator-size-cloud-worker=32768"
    "memorysetup-temp-allocator-size-gi-baking-worker=262144"
    "memorysetup-temp-allocator-size-gfx=262144"
Refreshing native plugins compatible for Editor in 163.48 ms, found 4 plugins.
Preloading 0 native plugins for Editor in 0.00 ms.
Initialize engine version: 2021.2.4f1 (99ba6aa4c552)
[Subsystems] Discovering subsystems at path C:/Program Files/Unity/Hub/Editor/2021.2.4f1/Editor/Data/Resources/UnitySubsystems
[Subsystems] Discovering subsystems at path D:/Usuarios/Nestor/Documentos/Escuela/Modular/Unity/Psicologica_WAIS/Assets
GfxDevice: creating device client; threaded=0; jobified=0
Direct3D:
    Version:  Direct3D 11.0 [level 11.1]
    Renderer: NVIDIA GeForce RTX 3060 Ti (ID=0x2489)
    Vendor:   NVIDIA
    VRAM:     8038 MB
    Driver:   31.0.15.2824
Initialize mono
Mono path[0] = 'C:/Program Files/Unity/Hub/Editor/2021.2.4f1/Editor/Data/Managed'
Mono path[1] = 'C:/Program Files/Unity/Hub/Editor/2021.2.4f1/Editor/Data/MonoBleedingEdge/lib/mono/unityjit-win32'
Mono config path = 'C:/Program Files/Unity/Hub/Editor/2021.2.4f1/Editor/Data/MonoBleedingEdge/etc'
Using monoOptions --debugger-agent=transport=dt_socket,embedding=1,server=y,suspend=n,address=127.0.0.1:56104
Begin MonoManager ReloadAssembly
Registering precompiled unity dll's ...
Register platform support module: C:/Program Files/Unity/Hub/Editor/2021.2.4f1/Editor/Data/PlaybackEngines/WindowsStandaloneSupport/UnityEditor.WindowsStandalone.Extensions.dll
Registered in 0.005177 seconds.
Native extension for WindowsStandalone target not found
Refreshing native plugins compatible for Editor in 161.20 ms, found 4 plugins.
Preloading 0 native plugins for Editor in 0.00 ms.
Mono: successfully reloaded assembly
- Completed reload, in  1.047 seconds
Domain Reload Profiling:
	ReloadAssembly (1047ms)
		BeginReloadAssembly (116ms)
			ExecutionOrderSort (0ms)
			DisableScriptedObjects (0ms)
			BackupInstance (0ms)
			ReleaseScriptingObjects (0ms)
			CreateAndSetChildDomain (1ms)
		EndReloadAssembly (808ms)
			LoadAssemblies (114ms)
			RebuildTransferFunctionScriptingTraits (0ms)
			SetupTypeCache (171ms)
			ReleaseScriptCaches (0ms)
			RebuildScriptCaches (50ms)
			SetupLoadedEditorAssemblies (503ms)
				LogAssemblyErrors (0ms)
				InitializePlatformSupportModulesInManaged (23ms)
				SetLoadedEditorAssemblies (0ms)
				RefreshPlugins (161ms)
				BeforeProcessingInitializeOnLoad (2ms)
				ProcessInitializeOnLoadAttributes (239ms)
				ProcessInitializeOnLoadMethodAttributes (77ms)
				AfterProcessingInitializeOnLoad (0ms)
				EditorAssembliesLoaded (0ms)
			ExecutionOrderSort2 (0ms)
			AwakeInstancesAfterBackupRestoration (0ms)
Platform modules already initialized, skipping
Registering precompiled user dll's ...
Registered in 0.006918 seconds.
Begin MonoManager ReloadAssembly
Symbol file LoadedFromMemory doesn't match image D:\Usuarios\Nestor\Documentos\Escuela\Modular\Unity\Psicologica_WAIS\Library\PackageCache\com.unity.visualscripting@1.7.5\Editor\VisualScripting.Core\Dependencies\YamlDotNet\Unity.VisualScripting.YamlDotNet.dll
Symbol file LoadedFromMemory doesn't match image D:\Usuarios\Nestor\Documentos\Escuela\Modular\Unity\Psicologica_WAIS\Library\PackageCache\com.unity.visualscripting@1.7.5\Editor\VisualScripting.Core\Dependencies\DotNetZip\Unity.VisualScripting.IonicZip.dll
Native extension for WindowsStandalone target not found
Refreshing native plugins compatible for Editor in 148.39 ms, found 4 plugins.
Preloading 0 native plugins for Editor in 0.00 ms.
Mono: successfully reloaded assembly
- Completed reload, in  2.815 seconds
Domain Reload Profiling:
	ReloadAssembly (2817ms)
		BeginReloadAssembly (233ms)
			ExecutionOrderSort (0ms)
			DisableScriptedObjects (11ms)
			BackupInstance (0ms)
			ReleaseScriptingObjects (0ms)
			CreateAndSetChildDomain (27ms)
		EndReloadAssembly (2443ms)
			LoadAssemblies (113ms)
			RebuildTransferFunctionScriptingTraits (0ms)
			SetupTypeCache (360ms)
			ReleaseScriptCaches (1ms)
			RebuildScriptCaches (79ms)
			SetupLoadedEditorAssemblies (1685ms)
				LogAssemblyErrors (0ms)
				InitializePlatformSupportModulesInManaged (16ms)
				SetLoadedEditorAssemblies (0ms)
				RefreshPlugins (148ms)
				BeforeProcessingInitializeOnLoad (144ms)
				ProcessInitializeOnLoadAttributes (1268ms)
				ProcessInitializeOnLoadMethodAttributes (89ms)
				AfterProcessingInitializeOnLoad (20ms)
				EditorAssembliesLoaded (0ms)
			ExecutionOrderSort2 (0ms)
			AwakeInstancesAfterBackupRestoration (15ms)
Platform modules already initialized, skipping
========================================================================
Worker process is ready to serve import requests
Failed to load shader (instanceID 412, GUID dd89cf5b9246416f84610a006f916af7)
Failed to load shader (instanceID 414, GUID 14eb328de4b8eb245bb7cea29e4ac00b)
Failed to load shader (instanceID 416, GUID 68e6db2ebdc24f95958faec2be5558d6)
Failed to load shader (instanceID 418, GUID bc1ede39bf3643ee8e493720e4259791)
Failed to load shader (instanceID 408, GUID fe393ace9b354375a9cb14cdbbc28be4)
Failed to load shader (instanceID 410, GUID cf81c85f95fe47e1a27f6ae460cf182c)
Failed to load shader (instanceID 420, GUID 48bb5f55d8670e349b6e614913f9d910)
Failed to load shader (instanceID 422, GUID 85187c2149c549c5b33f0cdb02836b17)
Failed to load shader (instanceID 424, GUID 128e987d567d4e2c824d754223b3f3b0)
Failed to load shader (instanceID 432, GUID f7ada0af4f174f0694ca6a487b8f543d)
Failed to load shader (instanceID 428, GUID a02a7d8c237544f1962732b55a9aebf1)
Failed to load shader (instanceID 430, GUID c8d12adcee749c344b8117cf7c7eb912)
Failed to load shader (instanceID 426, GUID 1e3b057af24249748ff873be7fafee47)
Launched and connected shader compiler UnityShaderCompiler.exe after 0.06 seconds
Refreshing native plugins compatible for Editor in 0.97 ms, found 4 plugins.
Preloading 0 native plugins for Editor in 0.00 ms.
Unloading 3908 Unused Serialized files (Serialized files now loaded: 0)
Unloading 43 unused Assets / (224.2 KB). Loaded Objects now: 4358.
Memory consumption went from 149.7 MB to 149.4 MB.
Total: 5.251600 ms (FindLiveObjects: 0.335000 ms CreateObjectMapping: 0.245300 ms MarkObjects: 4.470500 ms  DeleteObjects: 0.198800 ms)

AssetImportParameters requested are different than current active one (requested -> active):
  custom:video-decoder-ogg-theora: a1e56fd34408186e4bbccfd4996cb3dc -> 
  custom:container-muxer-webm: aa71ff27fc2769a1b78a27578f13a17b -> 
  custom:container-demuxer-webm: 4f35f7cbe854078d1ac9338744f61a02 -> 
  custom:video-encoder-webm-vp8: eb34c28f22e8b96e1ab97ce403110664 -> 
  custom:video-codec-MediaFoundation-h265: 746d11721c4dcdbdad8f713fa42b33f4 -> 
  custom:audio-encoder-webm-vorbis: bf7c407c2cedff20999df2af8eb42d56 -> 
  custom:framework-win-MediaFoundation: 216162199b28c13a410421893ffa2e32 -> 
  custom:container-demuxer-ogg: 62fdf1f143b41e24485cea50d1cbac27 -> 
  custom:video-decoder-webm-vp8: 9c59270c3fd7afecdb556c50c9e8de78 -> 
  custom:audio-decoder-ogg-vorbis: bf7c407c2cedff20999df2af8eb42d56 -> 
========================================================================
Received Import Request.
  Time since last request: 625657.330248 seconds.
  path: Assets/MisTexturas/Sonido/Digitos/Orden directo/d8b.mp3
  artifactKey: Guid(8328e9eaa36b06a419563a66fd619f4c) Importer(815301076,1909f56bfc062723c751e8b465ee728b)
Start importing Assets/MisTexturas/Sonido/Digitos/Orden directo/d8b.mp3 using Guid(8328e9eaa36b06a419563a66fd619f4c) Importer(815301076,1909f56bfc062723c751e8b465ee728b)  -> (artifact id: '23905c489f7f7b8ea91e2156ead13c55') in 0.242683 seconds 
========================================================================
Received Import Request.
  Time since last request: 0.000051 seconds.
  path: Assets/MisTexturas/Sonido/Digitos/Orden creciente/c8a.mp3
  artifactKey: Guid(5ce250e2c87e1f74a81bbdd35cdfe1e7) Importer(815301076,1909f56bfc062723c751e8b465ee728b)
Start importing Assets/MisTexturas/Sonido/Digitos/Orden creciente/c8a.mp3 using Guid(5ce250e2c87e1f74a81bbdd35cdfe1e7) Importer(815301076,1909f56bfc062723c751e8b465ee728b)  -> (artifact id: '7c5c3763ba758bcaa468551bb72d8d3f') in 0.047669 seconds 
========================================================================
Received Import Request.
  Time since last request: 0.000050 seconds.
  path: Assets/MisTexturas/Sonido/Digitos/Orden inverso/i2b.mp3
  artifactKey: Guid(6e2df5eafe443c34b9990492d4fb1483) Importer(815301076,1909f56bfc062723c751e8b465ee728b)
Start importing Assets/MisTexturas/Sonido/Digitos/Orden inverso/i2b.mp3 using Guid(6e2df5eafe443c34b9990492d4fb1483) Importer(815301076,1909f56bfc062723c751e8b465ee728b)  -> (artifact id: 'fe381f0cd1419774de9c0f38e60956e2') in 0.058452 seconds 
========================================================================
Received Import Request.
  Time since last request: 0.000029 seconds.
  path: Assets/MisTexturas/Sonido/Digitos/Orden inverso/i2a.mp3
  artifactKey: Guid(622818eedfc16db4cbfb4ec61e3494aa) Importer(815301076,1909f56bfc062723c751e8b465ee728b)
Start importing Assets/MisTexturas/Sonido/Digitos/Orden inverso/i2a.mp3 using Guid(622818eedfc16db4cbfb4ec61e3494aa) Importer(815301076,1909f56bfc062723c751e8b465ee728b)  -> (artifact id: 'e2649352c8dd5862f388bae2fa46c8d8') in 0.022674 seconds 
========================================================================
Received Import Request.
  Time since last request: 0.000034 seconds.
  path: Assets/MisTexturas/Sonido/Digitos/Orden inverso/i4b.mp3
  artifactKey: Guid(6b92f1891b283ad4fa7b25c8a0564943) Importer(815301076,1909f56bfc062723c751e8b465ee728b)
Start importing Assets/MisTexturas/Sonido/Digitos/Orden inverso/i4b.mp3 using Guid(6b92f1891b283ad4fa7b25c8a0564943) Importer(815301076,1909f56bfc062723c751e8b465ee728b)  -> (artifact id: '993b672b9cd553b6282238cde806f79c') in 0.035337 seconds 
========================================================================
Received Import Request.
  Time since last request: 0.000035 seconds.
  path: Assets/MisTexturas/Sonido/Digitos/Orden creciente/c7a.mp3
  artifactKey: Guid(e7c3603d67397d44b8b3b87ec0d24729) Importer(815301076,1909f56bfc062723c751e8b465ee728b)
Start importing Assets/MisTexturas/Sonido/Digitos/Orden creciente/c7a.mp3 using Guid(e7c3603d67397d44b8b3b87ec0d24729) Importer(815301076,1909f56bfc062723c751e8b465ee728b)  -> (artifact id: 'b8c4f5daf9b08bc1f33098b6187af2fa') in 0.046590 seconds 
========================================================================
Received Import Request.
  Time since last request: 0.000052 seconds.
  path: Assets/MisTexturas/Sonido/Digitos/Orden inverso/i3b.mp3
  artifactKey: Guid(fa7aae7bbefa850428d701a693dbedae) Importer(815301076,1909f56bfc062723c751e8b465ee728b)
Start importing Assets/MisTexturas/Sonido/Digitos/Orden inverso/i3b.mp3 using Guid(fa7aae7bbefa850428d701a693dbedae) Importer(815301076,1909f56bfc062723c751e8b465ee728b)  -> (artifact id: '4fe9f896868d832c515471f0864c0adf') in 0.040333 seconds 
========================================================================
Received Import Request.
  Time since last request: 0.000036 seconds.
  path: Assets/TextMesh Pro/Sprites/EmojiOne.png
  artifactKey: Guid(dffef66376be4fa480fb02b19edbe903) Importer(815301076,1909f56bfc062723c751e8b465ee728b)
Start importing Assets/TextMesh Pro/Sprites/EmojiOne.png using Guid(dffef66376be4fa480fb02b19edbe903) Importer(815301076,1909f56bfc062723c751e8b465ee728b)  -> (artifact id: '3fa7e35e7708e32617ab4555a5c07f27') in 0.057231 seconds 
========================================================================
Received Import Request.
  Time since last request: 0.000056 seconds.
  path: Assets/MisTexturas/Sonido/Digitos/Orden inverso/i3a.mp3
  artifactKey: Guid(22efe2638eee018498d283899a0d9d6f) Importer(815301076,1909f56bfc062723c751e8b465ee728b)
Start importing Assets/MisTexturas/Sonido/Digitos/Orden inverso/i3a.mp3 using Guid(22efe2638eee018498d283899a0d9d6f) Importer(815301076,1909f56bfc062723c751e8b465ee728b)  -> (artifact id: '8fc50cafbac4853255fd948ed8324652') in 0.086135 seconds 
========================================================================
Received Import Request.
  Time since last request: 0.000026 seconds.
  path: Assets/MisTexturas/Sonido/Digitos/Orden inverso/i5a.mp3
  artifactKey: Guid(7aeef2707055b744b9a1e9e3f38b471b) Importer(815301076,1909f56bfc062723c751e8b465ee728b)
Start importing Assets/MisTexturas/Sonido/Digitos/Orden inverso/i5a.mp3 using Guid(7aeef2707055b744b9a1e9e3f38b471b) Importer(815301076,1909f56bfc062723c751e8b465ee728b)  -> (artifact id: '6da24e968009869a43c3fbb1c2adcfa7') in 0.048996 seconds 
========================================================================
Received Import Request.
  Time since last request: 0.000034 seconds.
  path: Assets/MisTexturas/Sonido/Digitos/Orden creciente/c7b.mp3
  artifactKey: Guid(889182cdf363c5e489e672df30ef834a) Importer(815301076,1909f56bfc062723c751e8b465ee728b)
Start importing Assets/MisTexturas/Sonido/Digitos/Orden creciente/c7b.mp3 using Guid(889182cdf363c5e489e672df30ef834a) Importer(815301076,1909f56bfc062723c751e8b465ee728b)  -> (artifact id: '170896282443a3432d7571dd4fe2299d') in 0.047181 seconds 
========================================================================
Received Import Request.
  Time since last request: 919.337202 seconds.
  path: Assets/Scripts/pruebasV2/scripBttnAudio.cs
  artifactKey: Guid(e150f1f9249a9274ebc356063f07fd8a) Importer(815301076,1909f56bfc062723c751e8b465ee728b)
Start importing Assets/Scripts/pruebasV2/scripBttnAudio.cs using Guid(e150f1f9249a9274ebc356063f07fd8a) Importer(815301076,1909f56bfc062723c751e8b465ee728b)  -> (artifact id: '8feb466ef5b810c5acb40d0d41539dfc') in 0.023994 seconds 
========================================================================
Received Prepare
Registering precompiled user dll's ...
Registered in 0.005565 seconds.
Begin MonoManager ReloadAssembly
Symbol file LoadedFromMemory doesn't match image D:\Usuarios\Nestor\Documentos\Escuela\Modular\Unity\Psicologica_WAIS\Library\PackageCache\com.unity.visualscripting@1.7.5\Editor\VisualScripting.Core\Dependencies\YamlDotNet\Unity.VisualScripting.YamlDotNet.dll
Symbol file LoadedFromMemory doesn't match image D:\Usuarios\Nestor\Documentos\Escuela\Modular\Unity\Psicologica_WAIS\Library\PackageCache\com.unity.visualscripting@1.7.5\Editor\VisualScripting.Core\Dependencies\DotNetZip\Unity.VisualScripting.IonicZip.dll
Native extension for WindowsStandalone target not found
Refreshing native plugins compatible for Editor in 1.00 ms, found 4 plugins.
Preloading 0 native plugins for Editor in 0.00 ms.
Mono: successfully reloaded assembly
- Completed reload, in  1.693 seconds
Domain Reload Profiling:
	ReloadAssembly (1694ms)
		BeginReloadAssembly (194ms)
			ExecutionOrderSort (0ms)
			DisableScriptedObjects (9ms)
			BackupInstance (0ms)
			ReleaseScriptingObjects (0ms)
			CreateAndSetChildDomain (61ms)
		EndReloadAssembly (1365ms)
			LoadAssemblies (110ms)
			RebuildTransferFunctionScriptingTraits (0ms)
			SetupTypeCache (346ms)
			ReleaseScriptCaches (2ms)
			RebuildScriptCaches (85ms)
			SetupLoadedEditorAssemblies (647ms)
				LogAssemblyErrors (0ms)
				InitializePlatformSupportModulesInManaged (21ms)
				SetLoadedEditorAssemblies (1ms)
				RefreshPlugins (1ms)
				BeforeProcessingInitializeOnLoad (112ms)
				ProcessInitializeOnLoadAttributes (457ms)
				ProcessInitializeOnLoadMethodAttributes (46ms)
				AfterProcessingInitializeOnLoad (8ms)
				EditorAssembliesLoaded (0ms)
			ExecutionOrderSort2 (0ms)
			AwakeInstancesAfterBackupRestoration (18ms)
Platform modules already initialized, skipping
Failed to load shader (instanceID 412, GUID dd89cf5b9246416f84610a006f916af7)
Failed to load shader (instanceID 414, GUID 14eb328de4b8eb245bb7cea29e4ac00b)
Failed to load shader (instanceID 416, GUID 68e6db2ebdc24f95958faec2be5558d6)
Failed to load shader (instanceID 418, GUID bc1ede39bf3643ee8e493720e4259791)
Failed to load shader (instanceID 408, GUID fe393ace9b354375a9cb14cdbbc28be4)
Failed to load shader (instanceID 410, GUID cf81c85f95fe47e1a27f6ae460cf182c)
Failed to load shader (instanceID 420, GUID 48bb5f55d8670e349b6e614913f9d910)
Failed to load shader (instanceID 422, GUID 85187c2149c549c5b33f0cdb02836b17)
Failed to load shader (instanceID 424, GUID 128e987d567d4e2c824d754223b3f3b0)
Failed to load shader (instanceID 432, GUID f7ada0af4f174f0694ca6a487b8f543d)
Failed to load shader (instanceID 428, GUID a02a7d8c237544f1962732b55a9aebf1)
Failed to load shader (instanceID 430, GUID c8d12adcee749c344b8117cf7c7eb912)
Failed to load shader (instanceID 426, GUID 1e3b057af24249748ff873be7fafee47)
Refreshing native plugins compatible for Editor in 0.81 ms, found 4 plugins.
Preloading 0 native plugins for Editor in 0.00 ms.
Unloading 3905 Unused Serialized files (Serialized files now loaded: 0)
Unloading 32 unused Assets / (192.1 KB). Loaded Objects now: 4385.
Memory consumption went from 154.7 MB to 154.5 MB.
Total: 5.144600 ms (FindLiveObjects: 0.376900 ms CreateObjectMapping: 0.203500 ms MarkObjects: 4.385900 ms  DeleteObjects: 0.176500 ms)

AssetImportParameters requested are different than current active one (requested -> active):
  custom:video-decoder-ogg-theora: a1e56fd34408186e4bbccfd4996cb3dc -> 
  custom:container-muxer-webm: aa71ff27fc2769a1b78a27578f13a17b -> 
  custom:container-demuxer-webm: 4f35f7cbe854078d1ac9338744f61a02 -> 
  custom:video-encoder-webm-vp8: eb34c28f22e8b96e1ab97ce403110664 -> 
  custom:video-codec-MediaFoundation-h265: 746d11721c4dcdbdad8f713fa42b33f4 -> 
  custom:audio-encoder-webm-vorbis: bf7c407c2cedff20999df2af8eb42d56 -> 
  custom:framework-win-MediaFoundation: 216162199b28c13a410421893ffa2e32 -> 
  custom:container-demuxer-ogg: 62fdf1f143b41e24485cea50d1cbac27 -> 
  custom:video-decoder-webm-vp8: 9c59270c3fd7afecdb556c50c9e8de78 -> 
  custom:audio-decoder-ogg-vorbis: bf7c407c2cedff20999df2af8eb42d56 -> 
========================================================================
Received Import Request.
  Time since last request: 729.771449 seconds.
  path: Assets/Scripts/pruebasV2/scripBttnAudio.cs
  artifactKey: Guid(e150f1f9249a9274ebc356063f07fd8a) Importer(815301076,1909f56bfc062723c751e8b465ee728b)
Start importing Assets/Scripts/pruebasV2/scripBttnAudio.cs using Guid(e150f1f9249a9274ebc356063f07fd8a) Importer(815301076,1909f56bfc062723c751e8b465ee728b)  -> (artifact id: '20b482c340a7c9f296e1db839ec0e3df') in 0.247902 seconds 
========================================================================
Received Import Request.
  Time since last request: 32.648474 seconds.
  path: Assets/Scripts/pruebasV2/bttn
  artifactKey: Guid(25ae08f142b26554cb9e5dd34c2b5a97) Importer(815301076,1909f56bfc062723c751e8b465ee728b)
Start importing Assets/Scripts/pruebasV2/bttn using Guid(25ae08f142b26554cb9e5dd34c2b5a97) Importer(815301076,1909f56bfc062723c751e8b465ee728b)  -> (artifact id: 'a28db36896e0df890b50619ca2f546ab') in 0.008790 seconds 
========================================================================
Received Import Request.
  Time since last request: 860.621685 seconds.
  path: Assets/Scripts/pruebasV2/bttn/ScripBttnAudio.cs
  artifactKey: Guid(e150f1f9249a9274ebc356063f07fd8a) Importer(815301076,1909f56bfc062723c751e8b465ee728b)
Start importing Assets/Scripts/pruebasV2/bttn/ScripBttnAudio.cs using Guid(e150f1f9249a9274ebc356063f07fd8a) Importer(815301076,1909f56bfc062723c751e8b465ee728b)  -> (artifact id: '1db4c8fbcd72da7cb29ef8ebe1446d5e') in 0.006949 seconds 
========================================================================
Received Import Request.
  Time since last request: 625.812431 seconds.
  path: Assets/Scripts/pruebasV2/bttn/ScripBttnAudio.cs
  artifactKey: Guid(e150f1f9249a9274ebc356063f07fd8a) Importer(815301076,1909f56bfc062723c751e8b465ee728b)
Start importing Assets/Scripts/pruebasV2/bttn/ScripBttnAudio.cs using Guid(e150f1f9249a9274ebc356063f07fd8a) Importer(815301076,1909f56bfc062723c751e8b465ee728b)  -> (artifact id: 'c548ba7e7f0feb781aac8f8555ef4b5a') in 0.002582 seconds 
========================================================================
Received Prepare
Registering precompiled user dll's ...
Registered in 0.005381 seconds.
Begin MonoManager ReloadAssembly
Symbol file LoadedFromMemory doesn't match image D:\Usuarios\Nestor\Documentos\Escuela\Modular\Unity\Psicologica_WAIS\Library\PackageCache\com.unity.visualscripting@1.7.5\Editor\VisualScripting.Core\Dependencies\YamlDotNet\Unity.VisualScripting.YamlDotNet.dll
Symbol file LoadedFromMemory doesn't match image D:\Usuarios\Nestor\Documentos\Escuela\Modular\Unity\Psicologica_WAIS\Library\PackageCache\com.unity.visualscripting@1.7.5\Editor\VisualScripting.Core\Dependencies\DotNetZip\Unity.VisualScripting.IonicZip.dll
Native extension for WindowsStandalone target not found
Refreshing native plugins compatible for Editor in 0.89 ms, found 4 plugins.
Preloading 0 native plugins for Editor in 0.00 ms.
Mono: successfully reloaded assembly
- Completed reload, in  1.593 seconds
Domain Reload Profiling:
	ReloadAssembly (1594ms)
		BeginReloadAssembly (165ms)
			ExecutionOrderSort (0ms)
			DisableScriptedObjects (11ms)
			BackupInstance (0ms)
			ReleaseScriptingObjects (0ms)
			CreateAndSetChildDomain (51ms)
		EndReloadAssembly (1293ms)
			LoadAssemblies (110ms)
			RebuildTransferFunctionScriptingTraits (0ms)
			SetupTypeCache (323ms)
			ReleaseScriptCaches (2ms)
			RebuildScriptCaches (62ms)
			SetupLoadedEditorAssemblies (639ms)
				LogAssemblyErrors (0ms)
				InitializePlatformSupportModulesInManaged (16ms)
				SetLoadedEditorAssemblies (1ms)
				RefreshPlugins (1ms)
				BeforeProcessingInitializeOnLoad (103ms)
				ProcessInitializeOnLoadAttributes (449ms)
				ProcessInitializeOnLoadMethodAttributes (60ms)
				AfterProcessingInitializeOnLoad (9ms)
				EditorAssembliesLoaded (0ms)
			ExecutionOrderSort2 (0ms)
			AwakeInstancesAfterBackupRestoration (16ms)
Platform modules already initialized, skipping
Failed to load shader (instanceID 412, GUID dd89cf5b9246416f84610a006f916af7)
Failed to load shader (instanceID 414, GUID 14eb328de4b8eb245bb7cea29e4ac00b)
Failed to load shader (instanceID 416, GUID 68e6db2ebdc24f95958faec2be5558d6)
Failed to load shader (instanceID 418, GUID bc1ede39bf3643ee8e493720e4259791)
Failed to load shader (instanceID 408, GUID fe393ace9b354375a9cb14cdbbc28be4)
Failed to load shader (instanceID 410, GUID cf81c85f95fe47e1a27f6ae460cf182c)
Failed to load shader (instanceID 420, GUID 48bb5f55d8670e349b6e614913f9d910)
Failed to load shader (instanceID 422, GUID 85187c2149c549c5b33f0cdb02836b17)
Failed to load shader (instanceID 424, GUID 128e987d567d4e2c824d754223b3f3b0)
Failed to load shader (instanceID 432, GUID f7ada0af4f174f0694ca6a487b8f543d)
Failed to load shader (instanceID 428, GUID a02a7d8c237544f1962732b55a9aebf1)
Failed to load shader (instanceID 430, GUID c8d12adcee749c344b8117cf7c7eb912)
Failed to load shader (instanceID 426, GUID 1e3b057af24249748ff873be7fafee47)
Refreshing native plugins compatible for Editor in 1.33 ms, found 4 plugins.
Preloading 0 native plugins for Editor in 0.00 ms.
Unloading 3904 Unused Serialized files (Serialized files now loaded: 0)
Unloading 33 unused Assets / (191.2 KB). Loaded Objects now: 4387.
Memory consumption went from 155.1 MB to 154.9 MB.
Total: 4.495300 ms (FindLiveObjects: 0.409000 ms CreateObjectMapping: 0.275600 ms MarkObjects: 3.601700 ms  DeleteObjects: 0.207300 ms)

AssetImportParameters requested are different than current active one (requested -> active):
  custom:video-decoder-ogg-theora: a1e56fd34408186e4bbccfd4996cb3dc -> 
  custom:container-muxer-webm: aa71ff27fc2769a1b78a27578f13a17b -> 
  custom:container-demuxer-webm: 4f35f7cbe854078d1ac9338744f61a02 -> 
  custom:video-encoder-webm-vp8: eb34c28f22e8b96e1ab97ce403110664 -> 
  custom:video-codec-MediaFoundation-h265: 746d11721c4dcdbdad8f713fa42b33f4 -> 
  custom:audio-encoder-webm-vorbis: bf7c407c2cedff20999df2af8eb42d56 -> 
  custom:framework-win-MediaFoundation: 216162199b28c13a410421893ffa2e32 -> 
  custom:container-demuxer-ogg: 62fdf1f143b41e24485cea50d1cbac27 -> 
  custom:video-decoder-webm-vp8: 9c59270c3fd7afecdb556c50c9e8de78 -> 
  custom:audio-decoder-ogg-vorbis: bf7c407c2cedff20999df2af8eb42d56 -> 
========================================================================
Received Prepare
Registering precompiled user dll's ...
Registered in 0.008217 seconds.
Begin MonoManager ReloadAssembly
Symbol file LoadedFromMemory doesn't match image D:\Usuarios\Nestor\Documentos\Escuela\Modular\Unity\Psicologica_WAIS\Library\PackageCache\com.unity.visualscripting@1.7.5\Editor\VisualScripting.Core\Dependencies\YamlDotNet\Unity.VisualScripting.YamlDotNet.dll
Symbol file LoadedFromMemory doesn't match image D:\Usuarios\Nestor\Documentos\Escuela\Modular\Unity\Psicologica_WAIS\Library\PackageCache\com.unity.visualscripting@1.7.5\Editor\VisualScripting.Core\Dependencies\DotNetZip\Unity.VisualScripting.IonicZip.dll
Native extension for WindowsStandalone target not found
Refreshing native plugins compatible for Editor in 0.96 ms, found 4 plugins.
Preloading 0 native plugins for Editor in 0.00 ms.
Mono: successfully reloaded assembly
- Completed reload, in  1.664 seconds
Domain Reload Profiling:
	ReloadAssembly (1665ms)
		BeginReloadAssembly (175ms)
			ExecutionOrderSort (0ms)
			DisableScriptedObjects (12ms)
			BackupInstance (0ms)
			ReleaseScriptingObjects (0ms)
			CreateAndSetChildDomain (55ms)
		EndReloadAssembly (1335ms)
			LoadAssemblies (103ms)
			RebuildTransferFunctionScriptingTraits (0ms)
			SetupTypeCache (353ms)
			ReleaseScriptCaches (2ms)
			RebuildScriptCaches (68ms)
			SetupLoadedEditorAssemblies (657ms)
				LogAssemblyErrors (0ms)
				InitializePlatformSupportModulesInManaged (17ms)
				SetLoadedEditorAssemblies (1ms)
				RefreshPlugins (1ms)
				BeforeProcessingInitializeOnLoad (114ms)
				ProcessInitializeOnLoadAttributes (473ms)
				ProcessInitializeOnLoadMethodAttributes (39ms)
				AfterProcessingInitializeOnLoad (11ms)
				EditorAssembliesLoaded (0ms)
			ExecutionOrderSort2 (0ms)
			AwakeInstancesAfterBackupRestoration (18ms)
Platform modules already initialized, skipping
Failed to load shader (instanceID 412, GUID dd89cf5b9246416f84610a006f916af7)
Failed to load shader (instanceID 414, GUID 14eb328de4b8eb245bb7cea29e4ac00b)
Failed to load shader (instanceID 416, GUID 68e6db2ebdc24f95958faec2be5558d6)
Failed to load shader (instanceID 418, GUID bc1ede39bf3643ee8e493720e4259791)
Failed to load shader (instanceID 408, GUID fe393ace9b354375a9cb14cdbbc28be4)
Failed to load shader (instanceID 410, GUID cf81c85f95fe47e1a27f6ae460cf182c)
Failed to load shader (instanceID 420, GUID 48bb5f55d8670e349b6e614913f9d910)
Failed to load shader (instanceID 422, GUID 85187c2149c549c5b33f0cdb02836b17)
Failed to load shader (instanceID 424, GUID 128e987d567d4e2c824d754223b3f3b0)
Failed to load shader (instanceID 432, GUID f7ada0af4f174f0694ca6a487b8f543d)
Failed to load shader (instanceID 428, GUID a02a7d8c237544f1962732b55a9aebf1)
Failed to load shader (instanceID 430, GUID c8d12adcee749c344b8117cf7c7eb912)
Failed to load shader (instanceID 426, GUID 1e3b057af24249748ff873be7fafee47)
Refreshing native plugins compatible for Editor in 1.28 ms, found 4 plugins.
Preloading 0 native plugins for Editor in 0.00 ms.
Unloading 3905 Unused Serialized files (Serialized files now loaded: 0)
Unloading 32 unused Assets / (191.2 KB). Loaded Objects now: 4390.
Memory consumption went from 155.2 MB to 155.0 MB.
Total: 4.955000 ms (FindLiveObjects: 0.400600 ms CreateObjectMapping: 0.252000 ms MarkObjects: 4.056100 ms  DeleteObjects: 0.244200 ms)

AssetImportParameters requested are different than current active one (requested -> active):
  custom:video-decoder-ogg-theora: a1e56fd34408186e4bbccfd4996cb3dc -> 
  custom:container-muxer-webm: aa71ff27fc2769a1b78a27578f13a17b -> 
  custom:container-demuxer-webm: 4f35f7cbe854078d1ac9338744f61a02 -> 
  custom:video-encoder-webm-vp8: eb34c28f22e8b96e1ab97ce403110664 -> 
  custom:video-codec-MediaFoundation-h265: 746d11721c4dcdbdad8f713fa42b33f4 -> 
  custom:audio-encoder-webm-vorbis: bf7c407c2cedff20999df2af8eb42d56 -> 
  custom:framework-win-MediaFoundation: 216162199b28c13a410421893ffa2e32 -> 
  custom:container-demuxer-ogg: 62fdf1f143b41e24485cea50d1cbac27 -> 
  custom:video-decoder-webm-vp8: 9c59270c3fd7afecdb556c50c9e8de78 -> 
  custom:audio-decoder-ogg-vorbis: bf7c407c2cedff20999df2af8eb42d56 -> 
========================================================================
Received Import Request.
  Time since last request: 251.345656 seconds.
  path: Assets/Scripts/pruebasV2/scripBttnAudio.cs
  artifactKey: Guid(198b1a97381d141438991e7c52e0a36e) Importer(815301076,1909f56bfc062723c751e8b465ee728b)
Start importing Assets/Scripts/pruebasV2/scripBttnAudio.cs using Guid(198b1a97381d141438991e7c52e0a36e) Importer(815301076,1909f56bfc062723c751e8b465ee728b)  -> (artifact id: 'b914339605ae06f9574cf6ef95010134') in 0.013771 seconds 
========================================================================
Received Prepare
Registering precompiled user dll's ...
Registered in 0.005720 seconds.
Begin MonoManager ReloadAssembly
Symbol file LoadedFromMemory doesn't match image D:\Usuarios\Nestor\Documentos\Escuela\Modular\Unity\Psicologica_WAIS\Library\PackageCache\com.unity.visualscripting@1.7.5\Editor\VisualScripting.Core\Dependencies\YamlDotNet\Unity.VisualScripting.YamlDotNet.dll
Symbol file LoadedFromMemory doesn't match image D:\Usuarios\Nestor\Documentos\Escuela\Modular\Unity\Psicologica_WAIS\Library\PackageCache\com.unity.visualscripting@1.7.5\Editor\VisualScripting.Core\Dependencies\DotNetZip\Unity.VisualScripting.IonicZip.dll
Native extension for WindowsStandalone target not found
Refreshing native plugins compatible for Editor in 1.26 ms, found 4 plugins.
Preloading 0 native plugins for Editor in 0.00 ms.
Mono: successfully reloaded assembly
- Completed reload, in  1.672 seconds
Domain Reload Profiling:
	ReloadAssembly (1673ms)
		BeginReloadAssembly (173ms)
			ExecutionOrderSort (0ms)
			DisableScriptedObjects (11ms)
			BackupInstance (0ms)
			ReleaseScriptingObjects (0ms)
			CreateAndSetChildDomain (54ms)
		EndReloadAssembly (1357ms)
			LoadAssemblies (102ms)
			RebuildTransferFunctionScriptingTraits (0ms)
			SetupTypeCache (360ms)
			ReleaseScriptCaches (3ms)
			RebuildScriptCaches (66ms)
			SetupLoadedEditorAssemblies (648ms)
				LogAssemblyErrors (0ms)
				InitializePlatformSupportModulesInManaged (17ms)
				SetLoadedEditorAssemblies (1ms)
				RefreshPlugins (1ms)
				BeforeProcessingInitializeOnLoad (107ms)
				ProcessInitializeOnLoadAttributes (467ms)
				ProcessInitializeOnLoadMethodAttributes (47ms)
				AfterProcessingInitializeOnLoad (8ms)
				EditorAssembliesLoaded (0ms)
			ExecutionOrderSort2 (0ms)
			AwakeInstancesAfterBackupRestoration (19ms)
Platform modules already initialized, skipping
Failed to load shader (instanceID 412, GUID dd89cf5b9246416f84610a006f916af7)
Failed to load shader (instanceID 414, GUID 14eb328de4b8eb245bb7cea29e4ac00b)
Failed to load shader (instanceID 416, GUID 68e6db2ebdc24f95958faec2be5558d6)
Failed to load shader (instanceID 418, GUID bc1ede39bf3643ee8e493720e4259791)
Failed to load shader (instanceID 408, GUID fe393ace9b354375a9cb14cdbbc28be4)
Failed to load shader (instanceID 410, GUID cf81c85f95fe47e1a27f6ae460cf182c)
Failed to load shader (instanceID 420, GUID 48bb5f55d8670e349b6e614913f9d910)
Failed to load shader (instanceID 422, GUID 85187c2149c549c5b33f0cdb02836b17)
Failed to load shader (instanceID 424, GUID 128e987d567d4e2c824d754223b3f3b0)
Failed to load shader (instanceID 432, GUID f7ada0af4f174f0694ca6a487b8f543d)
Failed to load shader (instanceID 428, GUID a02a7d8c237544f1962732b55a9aebf1)
Failed to load shader (instanceID 430, GUID c8d12adcee749c344b8117cf7c7eb912)
Failed to load shader (instanceID 426, GUID 1e3b057af24249748ff873be7fafee47)
Refreshing native plugins compatible for Editor in 1.03 ms, found 4 plugins.
Preloading 0 native plugins for Editor in 0.00 ms.
Unloading 3904 Unused Serialized files (Serialized files now loaded: 0)
Unloading 33 unused Assets / (191.1 KB). Loaded Objects now: 4391.
Memory consumption went from 155.2 MB to 155.0 MB.
Total: 5.669900 ms (FindLiveObjects: 0.407400 ms CreateObjectMapping: 0.184600 ms MarkObjects: 4.793100 ms  DeleteObjects: 0.282800 ms)

AssetImportParameters requested are different than current active one (requested -> active):
  custom:video-decoder-ogg-theora: a1e56fd34408186e4bbccfd4996cb3dc -> 
  custom:container-muxer-webm: aa71ff27fc2769a1b78a27578f13a17b -> 
  custom:container-demuxer-webm: 4f35f7cbe854078d1ac9338744f61a02 -> 
  custom:video-encoder-webm-vp8: eb34c28f22e8b96e1ab97ce403110664 -> 
  custom:video-codec-MediaFoundation-h265: 746d11721c4dcdbdad8f713fa42b33f4 -> 
  custom:audio-encoder-webm-vorbis: bf7c407c2cedff20999df2af8eb42d56 -> 
  custom:framework-win-MediaFoundation: 216162199b28c13a410421893ffa2e32 -> 
  custom:container-demuxer-ogg: 62fdf1f143b41e24485cea50d1cbac27 -> 
  custom:video-decoder-webm-vp8: 9c59270c3fd7afecdb556c50c9e8de78 -> 
  custom:audio-decoder-ogg-vorbis: bf7c407c2cedff20999df2af8eb42d56 -> 
========================================================================
Received Import Request.
  Time since last request: 83.380024 seconds.
  path: Assets/AccionesBttn.cs
  artifactKey: Guid(97977cdf13bad7e4fbc401e3be58c55a) Importer(815301076,1909f56bfc062723c751e8b465ee728b)
Start importing Assets/AccionesBttn.cs using Guid(97977cdf13bad7e4fbc401e3be58c55a) Importer(815301076,1909f56bfc062723c751e8b465ee728b)  -> (artifact id: '59eae4ead36ef8ad37781c991056ee24') in 0.015265 seconds 
========================================================================
Received Import Request.
  Time since last request: 2.764694 seconds.
  path: Assets/Scripts/bttn
  artifactKey: Guid(55d052defe293104bb1db7ac1670320e) Importer(815301076,1909f56bfc062723c751e8b465ee728b)
Start importing Assets/Scripts/bttn using Guid(55d052defe293104bb1db7ac1670320e) Importer(815301076,1909f56bfc062723c751e8b465ee728b)  -> (artifact id: '69a4bfe3d17c1a67b5f7634f3a73d6f0') in 0.006598 seconds 
========================================================================
Received Prepare
Registering precompiled user dll's ...
Registered in 0.008563 seconds.
Begin MonoManager ReloadAssembly
Symbol file LoadedFromMemory doesn't match image D:\Usuarios\Nestor\Documentos\Escuela\Modular\Unity\Psicologica_WAIS\Library\PackageCache\com.unity.visualscripting@1.7.5\Editor\VisualScripting.Core\Dependencies\YamlDotNet\Unity.VisualScripting.YamlDotNet.dll
Symbol file LoadedFromMemory doesn't match image D:\Usuarios\Nestor\Documentos\Escuela\Modular\Unity\Psicologica_WAIS\Library\PackageCache\com.unity.visualscripting@1.7.5\Editor\VisualScripting.Core\Dependencies\DotNetZip\Unity.VisualScripting.IonicZip.dll
Native extension for WindowsStandalone target not found
Refreshing native plugins compatible for Editor in 1.19 ms, found 4 plugins.
Preloading 0 native plugins for Editor in 0.00 ms.
Mono: successfully reloaded assembly
- Completed reload, in  1.691 seconds
Domain Reload Profiling:
	ReloadAssembly (1693ms)
		BeginReloadAssembly (179ms)
			ExecutionOrderSort (0ms)
			DisableScriptedObjects (11ms)
			BackupInstance (0ms)
			ReleaseScriptingObjects (0ms)
			CreateAndSetChildDomain (55ms)
		EndReloadAssembly (1377ms)
			LoadAssemblies (108ms)
			RebuildTransferFunctionScriptingTraits (0ms)
			SetupTypeCache (356ms)
			ReleaseScriptCaches (2ms)
			RebuildScriptCaches (70ms)
			SetupLoadedEditorAssemblies (652ms)
				LogAssemblyErrors (0ms)
				InitializePlatformSupportModulesInManaged (18ms)
				SetLoadedEditorAssemblies (1ms)
				RefreshPlugins (1ms)
				BeforeProcessingInitializeOnLoad (100ms)
				ProcessInitializeOnLoadAttributes (485ms)
				ProcessInitializeOnLoadMethodAttributes (40ms)
				AfterProcessingInitializeOnLoad (7ms)
				EditorAssembliesLoaded (0ms)
			ExecutionOrderSort2 (0ms)
			AwakeInstancesAfterBackupRestoration (18ms)
Platform modules already initialized, skipping
Failed to load shader (instanceID 412, GUID dd89cf5b9246416f84610a006f916af7)
Failed to load shader (instanceID 414, GUID 14eb328de4b8eb245bb7cea29e4ac00b)
Failed to load shader (instanceID 416, GUID 68e6db2ebdc24f95958faec2be5558d6)
Failed to load shader (instanceID 418, GUID bc1ede39bf3643ee8e493720e4259791)
Failed to load shader (instanceID 408, GUID fe393ace9b354375a9cb14cdbbc28be4)
Failed to load shader (instanceID 410, GUID cf81c85f95fe47e1a27f6ae460cf182c)
Failed to load shader (instanceID 420, GUID 48bb5f55d8670e349b6e614913f9d910)
Failed to load shader (instanceID 422, GUID 85187c2149c549c5b33f0cdb02836b17)
Failed to load shader (instanceID 424, GUID 128e987d567d4e2c824d754223b3f3b0)
Failed to load shader (instanceID 432, GUID f7ada0af4f174f0694ca6a487b8f543d)
Failed to load shader (instanceID 428, GUID a02a7d8c237544f1962732b55a9aebf1)
Failed to load shader (instanceID 430, GUID c8d12adcee749c344b8117cf7c7eb912)
Failed to load shader (instanceID 426, GUID 1e3b057af24249748ff873be7fafee47)
Refreshing native plugins compatible for Editor in 1.15 ms, found 4 plugins.
Preloading 0 native plugins for Editor in 0.00 ms.
Unloading 3904 Unused Serialized files (Serialized files now loaded: 0)
Unloading 32 unused Assets / (190.9 KB). Loaded Objects now: 4393.
Memory consumption went from 155.2 MB to 155.0 MB.
Total: 4.629900 ms (FindLiveObjects: 0.471600 ms CreateObjectMapping: 0.213700 ms MarkObjects: 3.772400 ms  DeleteObjects: 0.169200 ms)

AssetImportParameters requested are different than current active one (requested -> active):
  custom:video-decoder-ogg-theora: a1e56fd34408186e4bbccfd4996cb3dc -> 
  custom:container-muxer-webm: aa71ff27fc2769a1b78a27578f13a17b -> 
  custom:container-demuxer-webm: 4f35f7cbe854078d1ac9338744f61a02 -> 
  custom:video-encoder-webm-vp8: eb34c28f22e8b96e1ab97ce403110664 -> 
  custom:video-codec-MediaFoundation-h265: 746d11721c4dcdbdad8f713fa42b33f4 -> 
  custom:audio-encoder-webm-vorbis: bf7c407c2cedff20999df2af8eb42d56 -> 
  custom:framework-win-MediaFoundation: 216162199b28c13a410421893ffa2e32 -> 
  custom:container-demuxer-ogg: 62fdf1f143b41e24485cea50d1cbac27 -> 
  custom:video-decoder-webm-vp8: 9c59270c3fd7afecdb556c50c9e8de78 -> 
  custom:audio-decoder-ogg-vorbis: bf7c407c2cedff20999df2af8eb42d56 -> 
========================================================================
Received Prepare
Registering precompiled user dll's ...
Registered in 0.011415 seconds.
Begin MonoManager ReloadAssembly
Symbol file LoadedFromMemory doesn't match image D:\Usuarios\Nestor\Documentos\Escuela\Modular\Unity\Psicologica_WAIS\Library\PackageCache\com.unity.visualscripting@1.7.5\Editor\VisualScripting.Core\Dependencies\YamlDotNet\Unity.VisualScripting.YamlDotNet.dll
Symbol file LoadedFromMemory doesn't match image D:\Usuarios\Nestor\Documentos\Escuela\Modular\Unity\Psicologica_WAIS\Library\PackageCache\com.unity.visualscripting@1.7.5\Editor\VisualScripting.Core\Dependencies\DotNetZip\Unity.VisualScripting.IonicZip.dll
Native extension for WindowsStandalone target not found
Refreshing native plugins compatible for Editor in 0.87 ms, found 4 plugins.
Preloading 0 native plugins for Editor in 0.00 ms.
Mono: successfully reloaded assembly
- Completed reload, in  2.169 seconds
Domain Reload Profiling:
	ReloadAssembly (2170ms)
		BeginReloadAssembly (234ms)
			ExecutionOrderSort (0ms)
			DisableScriptedObjects (18ms)
			BackupInstance (0ms)
			ReleaseScriptingObjects (0ms)
			CreateAndSetChildDomain (77ms)
		EndReloadAssembly (1734ms)
			LoadAssemblies (176ms)
			RebuildTransferFunctionScriptingTraits (0ms)
			SetupTypeCache (547ms)
			ReleaseScriptCaches (3ms)
			RebuildScriptCaches (101ms)
			SetupLoadedEditorAssemblies (707ms)
				LogAssemblyErrors (0ms)
				InitializePlatformSupportModulesInManaged (16ms)
				SetLoadedEditorAssemblies (1ms)
				RefreshPlugins (1ms)
				BeforeProcessingInitializeOnLoad (105ms)
				ProcessInitializeOnLoadAttributes (526ms)
				ProcessInitializeOnLoadMethodAttributes (46ms)
				AfterProcessingInitializeOnLoad (11ms)
				EditorAssembliesLoaded (0ms)
			ExecutionOrderSort2 (0ms)
			AwakeInstancesAfterBackupRestoration (29ms)
Platform modules already initialized, skipping
Failed to load shader (instanceID 412, GUID dd89cf5b9246416f84610a006f916af7)
Failed to load shader (instanceID 414, GUID 14eb328de4b8eb245bb7cea29e4ac00b)
Failed to load shader (instanceID 416, GUID 68e6db2ebdc24f95958faec2be5558d6)
Failed to load shader (instanceID 418, GUID bc1ede39bf3643ee8e493720e4259791)
Failed to load shader (instanceID 408, GUID fe393ace9b354375a9cb14cdbbc28be4)
Failed to load shader (instanceID 410, GUID cf81c85f95fe47e1a27f6ae460cf182c)
Failed to load shader (instanceID 420, GUID 48bb5f55d8670e349b6e614913f9d910)
Failed to load shader (instanceID 422, GUID 85187c2149c549c5b33f0cdb02836b17)
Failed to load shader (instanceID 424, GUID 128e987d567d4e2c824d754223b3f3b0)
Failed to load shader (instanceID 432, GUID f7ada0af4f174f0694ca6a487b8f543d)
Failed to load shader (instanceID 428, GUID a02a7d8c237544f1962732b55a9aebf1)
Failed to load shader (instanceID 430, GUID c8d12adcee749c344b8117cf7c7eb912)
Failed to load shader (instanceID 426, GUID 1e3b057af24249748ff873be7fafee47)
Refreshing native plugins compatible for Editor in 1.16 ms, found 4 plugins.
Preloading 0 native plugins for Editor in 0.00 ms.
Unloading 3904 Unused Serialized files (Serialized files now loaded: 0)
Unloading 32 unused Assets / (191.4 KB). Loaded Objects now: 4395.
Memory consumption went from 155.2 MB to 155.0 MB.
Total: 4.667600 ms (FindLiveObjects: 0.356700 ms CreateObjectMapping: 0.172000 ms MarkObjects: 3.957900 ms  DeleteObjects: 0.179200 ms)

AssetImportParameters requested are different than current active one (requested -> active):
  custom:video-decoder-ogg-theora: a1e56fd34408186e4bbccfd4996cb3dc -> 
  custom:container-muxer-webm: aa71ff27fc2769a1b78a27578f13a17b -> 
  custom:container-demuxer-webm: 4f35f7cbe854078d1ac9338744f61a02 -> 
  custom:video-encoder-webm-vp8: eb34c28f22e8b96e1ab97ce403110664 -> 
  custom:video-codec-MediaFoundation-h265: 746d11721c4dcdbdad8f713fa42b33f4 -> 
  custom:audio-encoder-webm-vorbis: bf7c407c2cedff20999df2af8eb42d56 -> 
  custom:framework-win-MediaFoundation: 216162199b28c13a410421893ffa2e32 -> 
  custom:container-demuxer-ogg: 62fdf1f143b41e24485cea50d1cbac27 -> 
  custom:video-decoder-webm-vp8: 9c59270c3fd7afecdb556c50c9e8de78 -> 
  custom:audio-decoder-ogg-vorbis: bf7c407c2cedff20999df2af8eb42d56 -> 
========================================================================
Received Import Request.
  Time since last request: 1359.524105 seconds.
  path: Assets/MisTexturas/Sonido/Digitos
  artifactKey: Guid(a5ffc04d74fb7b94fbb961392a2638f0) Importer(815301076,1909f56bfc062723c751e8b465ee728b)
Start importing Assets/MisTexturas/Sonido/Digitos using Guid(a5ffc04d74fb7b94fbb961392a2638f0) Importer(815301076,1909f56bfc062723c751e8b465ee728b)  -> (artifact id: 'a4564cb6ff5ececd922fbb9db3232935') in 0.021971 seconds 
========================================================================
Received Import Request.
  Time since last request: 3.472455 seconds.
  path: Assets/MisTexturas/Sonido/Digitos/Orden directo
  artifactKey: Guid(f93a2d00a60343440b8d7066e045d2bc) Importer(815301076,1909f56bfc062723c751e8b465ee728b)
Start importing Assets/MisTexturas/Sonido/Digitos/Orden directo using Guid(f93a2d00a60343440b8d7066e045d2bc) Importer(815301076,1909f56bfc062723c751e8b465ee728b)  -> (artifact id: 'bddc2acdb4772a78d0a064e4053ea49b') in 0.012460 seconds 
========================================================================
Received Import Request.
  Time since last request: 0.055781 seconds.
  path: Assets/MisTexturas/Sonido/Digitos/Orden directo/d1a.mp3
  artifactKey: Guid(a06daba30642c5b49aa4dac4ff3db590) Importer(815301076,1909f56bfc062723c751e8b465ee728b)
Start importing Assets/MisTexturas/Sonido/Digitos/Orden directo/d1a.mp3 using Guid(a06daba30642c5b49aa4dac4ff3db590) Importer(815301076,1909f56bfc062723c751e8b465ee728b)  -> (artifact id: 'a0fed451efe0127b217a2bad4650b939') in 0.220863 seconds 
========================================================================
Received Import Request.
  Time since last request: 0.000043 seconds.
  path: Assets/MisTexturas/Sonido/Digitos/Orden directo/d3a.mp3
  artifactKey: Guid(896e4b4184f9ad843a0870e2c81b7f94) Importer(815301076,1909f56bfc062723c751e8b465ee728b)
Start importing Assets/MisTexturas/Sonido/Digitos/Orden directo/d3a.mp3 using Guid(896e4b4184f9ad843a0870e2c81b7f94) Importer(815301076,1909f56bfc062723c751e8b465ee728b)  -> (artifact id: '9823da1fde3965ce3a31cf405e556d49') in 0.102131 seconds 
========================================================================
Received Import Request.
  Time since last request: 0.000066 seconds.
  path: Assets/MisTexturas/Sonido/Digitos/Orden directo/d2a.mp3
  artifactKey: Guid(e048bcd3bddc1bb4bb31326f2305683d) Importer(815301076,1909f56bfc062723c751e8b465ee728b)
Start importing Assets/MisTexturas/Sonido/Digitos/Orden directo/d2a.mp3 using Guid(e048bcd3bddc1bb4bb31326f2305683d) Importer(815301076,1909f56bfc062723c751e8b465ee728b)  -> (artifact id: 'bae89c07a236da414a3230f461f2d045') in 0.060957 seconds 
========================================================================
Received Import Request.
  Time since last request: 0.000056 seconds.
  path: Assets/MisTexturas/Sonido/Digitos/Orden directo/d6a.mp3
  artifactKey: Guid(9cf548ab4bedabb458fe4600524aa794) Importer(815301076,1909f56bfc062723c751e8b465ee728b)
Start importing Assets/MisTexturas/Sonido/Digitos/Orden directo/d6a.mp3 using Guid(9cf548ab4bedabb458fe4600524aa794) Importer(815301076,1909f56bfc062723c751e8b465ee728b)  -> (artifact id: '8009c01948712db7d0693b8b4d402265') in 0.138749 seconds 
========================================================================
Received Import Request.
  Time since last request: 0.000056 seconds.
  path: Assets/MisTexturas/Sonido/Digitos/Orden directo/d4b.mp3
  artifactKey: Guid(25b6f90e92479484ab4a0b4e9b53f75a) Importer(815301076,1909f56bfc062723c751e8b465ee728b)
Start importing Assets/MisTexturas/Sonido/Digitos/Orden directo/d4b.mp3 using Guid(25b6f90e92479484ab4a0b4e9b53f75a) Importer(815301076,1909f56bfc062723c751e8b465ee728b)  -> (artifact id: 'c95430487c108d12cfd390c79e646c5a') in 0.078752 seconds 
========================================================================
Received Import Request.
  Time since last request: 0.000103 seconds.
  path: Assets/MisTexturas/Sonido/Digitos/Orden directo/d5a.mp3
  artifactKey: Guid(564f3cd9c6672b547b607d6d9819222e) Importer(815301076,1909f56bfc062723c751e8b465ee728b)
Start importing Assets/MisTexturas/Sonido/Digitos/Orden directo/d5a.mp3 using Guid(564f3cd9c6672b547b607d6d9819222e) Importer(815301076,1909f56bfc062723c751e8b465ee728b)  -> (artifact id: '6a1caba1d6e357d6f33a92f5de99d121') in 0.077794 seconds 
========================================================================
Received Import Request.
  Time since last request: 0.000165 seconds.
  path: Assets/MisTexturas/Sonido/Digitos/Orden directo/d2b.mp3
  artifactKey: Guid(2f398c4d831db5d438e65de63e83bd72) Importer(815301076,1909f56bfc062723c751e8b465ee728b)
Start importing Assets/MisTexturas/Sonido/Digitos/Orden directo/d2b.mp3 using Guid(2f398c4d831db5d438e65de63e83bd72) Importer(815301076,1909f56bfc062723c751e8b465ee728b)  -> (artifact id: 'a51af65d4d53b6e8b7416ddfec7c45f4') in 0.130493 seconds 
Editor requested this worker to shutdown with reason: Scaling down because of idle timeout
AssetImportWorker is now disconnected from the server
Process exiting
Exiting without the bug reporter. Application will terminate with return code 0